2024-12-19 11:54:26.961 [background-preinit] INFO  org.hibernate.validator.internal.util.Version - HV000001: Hibernate Validator 8.0.1.Final
2024-12-19 11:54:27.680 [main] INFO  com.alibaba.nacos.client.utils.ParamUtil - [settings] [req-serv] nacos-server port:8848
2024-12-19 11:54:27.681 [main] INFO  com.alibaba.nacos.client.utils.ParamUtil - [settings] [http-client] connect timeout:1000
2024-12-19 11:54:27.682 [main] INFO  com.alibaba.nacos.client.utils.ParamUtil - PER_TASK_CONFIG_SIZE: 3000.0
2024-12-19 11:54:27.684 [Thread-2] INFO  c.a.n.client.auth.ram.identify.CredentialWatcher - null No credential found
2024-12-19 11:54:27.701 [main] INFO  com.alibaba.nacos.common.labels - DefaultLabelsCollectorManager get labels.....
2024-12-19 11:54:27.708 [main] INFO  com.alibaba.nacos.common.labels - Process LabelsCollector with [name:defaultNacosLabelsCollector]
2024-12-19 11:54:27.708 [main] INFO  com.alibaba.nacos.common.labels - default nacos collect properties raw labels: null
2024-12-19 11:54:27.709 [main] INFO  com.alibaba.nacos.common.labels - default nacos collect properties labels: {}
2024-12-19 11:54:27.709 [main] INFO  com.alibaba.nacos.common.labels - default nacos collect jvm raw labels: null
2024-12-19 11:54:27.709 [main] INFO  com.alibaba.nacos.common.labels - default nacos collect jvm labels: {}
2024-12-19 11:54:27.709 [main] INFO  com.alibaba.nacos.common.labels - default nacos collect env raw labels: null
2024-12-19 11:54:27.709 [main] INFO  com.alibaba.nacos.common.labels - default nacos collect env labels: {}
2024-12-19 11:54:27.710 [main] INFO  com.alibaba.nacos.common.labels - DefaultLabelsCollectorManager get labels finished,labels :{}
2024-12-19 11:54:27.716 [main] INFO  c.a.n.p.auth.spi.client.ClientAuthPluginManager - [ClientAuthPluginManager] Load ClientAuthService com.alibaba.nacos.client.auth.impl.NacosClientAuthServiceImpl success.
2024-12-19 11:54:27.716 [main] INFO  c.a.n.p.auth.spi.client.ClientAuthPluginManager - [ClientAuthPluginManager] Load ClientAuthService com.alibaba.nacos.client.auth.ram.RamClientAuthServiceImpl success.
2024-12-19 11:54:27.721 [main] INFO  c.a.n.client.config.impl.LocalConfigInfoProcessor - LOCAL_SNAPSHOT_PATH:C:\Users\chen\nacos\config
2024-12-19 11:54:27.725 [main] INFO  com.alibaba.nacos.common.remote.client - [RpcClientFactory] create a new rpc client of f0f20269-a362-4b9c-a35e-d3054b7ced45_config-0
2024-12-19 11:54:27.742 [main] INFO  com.alibaba.nacos.common.remote.client - [f0f20269-a362-4b9c-a35e-d3054b7ced45_config-0] Register server push request handler:com.alibaba.nacos.client.config.impl.ClientWorker$ConfigRpcTransportClient$$Lambda$634/0x00000213bf3a6b48
2024-12-19 11:54:27.743 [main] INFO  com.alibaba.nacos.common.remote.client - [f0f20269-a362-4b9c-a35e-d3054b7ced45_config-0] Register server push request handler:com.alibaba.nacos.client.config.impl.ClientWorker$ConfigRpcTransportClient$$Lambda$635/0x00000213bf3a6f68
2024-12-19 11:54:27.743 [main] INFO  com.alibaba.nacos.common.remote.client - [f0f20269-a362-4b9c-a35e-d3054b7ced45_config-0] Registry connection listener to current client:com.alibaba.nacos.client.config.impl.ClientWorker$ConfigRpcTransportClient$1
2024-12-19 11:54:27.743 [main] INFO  com.alibaba.nacos.common.remote.client - [f0f20269-a362-4b9c-a35e-d3054b7ced45_config-0] RpcClient init, ServerListFactory = com.alibaba.nacos.client.config.impl.ClientWorker$ConfigRpcTransportClient$2
2024-12-19 11:54:27.749 [main] INFO  com.alibaba.nacos.common.remote.client - [f0f20269-a362-4b9c-a35e-d3054b7ced45_config-0] Try to connect to server on start up, server: {serverIp = 'nacos', server main port = 8848}
2024-12-19 11:54:27.786 [main] INFO  c.a.nacos.common.remote.client.grpc.GrpcClient - grpc client connection server:nacos ip,serverPort:9848,grpcTslConfig:{"sslProvider":"","enableTls":false,"mutualAuthEnable":false,"trustAll":false}
2024-12-19 11:54:28.787 [main] INFO  c.a.n.common.ability.AbstractAbilityControlManager - Ready to get current node abilities...
2024-12-19 11:54:28.788 [main] INFO  c.a.n.common.ability.AbstractAbilityControlManager - Ready to initialize current node abilities, support modes: [SDK_CLIENT]
2024-12-19 11:54:28.789 [main] INFO  c.a.n.common.ability.AbstractAbilityControlManager - Initialize current abilities finish...
2024-12-19 11:54:28.789 [main] INFO  c.a.n.c.ability.discover.NacosAbilityManagerHolder - [AbilityControlManager] Successfully initialize AbilityControlManager
2024-12-19 11:54:28.851 [main] INFO  com.alibaba.nacos.common.remote.client - [f0f20269-a362-4b9c-a35e-d3054b7ced45_config-0] Success to connect to server [nacos:8848] on start up, connectionId = 1734580468228_10.0.0.4_61774
2024-12-19 11:54:28.851 [com.alibaba.nacos.client.remote.worker.0] INFO  com.alibaba.nacos.common.remote.client - [f0f20269-a362-4b9c-a35e-d3054b7ced45_config-0] Notify connected event to listeners.
2024-12-19 11:54:28.851 [com.alibaba.nacos.client.remote.worker.0] INFO  com.alibaba.nacos.client.config.impl.ClientWorker - [f0f20269-a362-4b9c-a35e-d3054b7ced45_config-0] Connected,notify listen context...
2024-12-19 11:54:28.851 [main] INFO  com.alibaba.nacos.common.remote.client - [f0f20269-a362-4b9c-a35e-d3054b7ced45_config-0] Register server push request handler:com.alibaba.nacos.common.remote.client.RpcClient$ConnectResetRequestHandler
2024-12-19 11:54:28.852 [main] INFO  com.alibaba.nacos.common.remote.client - [f0f20269-a362-4b9c-a35e-d3054b7ced45_config-0] Register server push request handler:com.alibaba.nacos.common.remote.client.RpcClient$$Lambda$654/0x00000213bf530cb8
2024-12-19 11:54:28.894 [main] INFO  com.alibaba.nacos.client.config.impl.Limiter - limitTime:5.0
2024-12-19 11:54:28.955 [main] WARN  c.a.cloud.nacos.client.NacosPropertySourceBuilder - Ignore the empty nacos configuration and get it based on dataId[freight-service] & group[DEFAULT_GROUP]
2024-12-19 11:54:29.007 [main] WARN  c.a.cloud.nacos.client.NacosPropertySourceBuilder - Ignore the empty nacos configuration and get it based on dataId[freight-service.yaml] & group[DEFAULT_GROUP]
2024-12-19 11:54:29.008 [main] INFO  o.s.c.b.c.PropertySourceBootstrapConfiguration - Located property source: [BootstrapPropertySource {name='bootstrapProperties-freight-service.yaml,DEFAULT_GROUP'}, BootstrapPropertySource {name='bootstrapProperties-freight-service,DEFAULT_GROUP'}]
2024-12-19 11:54:29.014 [main] INFO  cn.edu.xmu.oomall.freight.FreightApplication - No active profile set, falling back to 1 default profile: "default"
2024-12-19 11:54:31.175 [main] INFO  o.s.d.r.config.RepositoryConfigurationDelegate - Multiple Spring Data modules found, entering strict repository configuration mode
2024-12-19 11:54:31.175 [main] INFO  o.s.d.r.config.RepositoryConfigurationDelegate - Bootstrapping Spring Data JPA repositories in DEFAULT mode.
2024-12-19 11:54:31.439 [main] INFO  o.s.d.r.config.RepositoryConfigurationDelegate - Finished Spring Data repository scanning in 250 ms. Found 5 JPA repository interfaces.
2024-12-19 11:54:32.127 [main] WARN  org.mybatis.spring.mapper.ClassPathMapperScanner - No MyBatis mapper was found in '[cn.edu.xmu.javaee.core, cn.edu.xmu.oomall.freight]' package. Please check your configuration.
2024-12-19 11:54:32.244 [main] INFO  o.springframework.cloud.context.scope.GenericScope - BeanFactory id=d0207e12-cd78-3671-b3af-67bf34cde8b5
2024-12-19 11:54:32.906 [main] INFO  o.s.boot.web.embedded.tomcat.TomcatWebServer - Tomcat initialized with port 8080 (http)
2024-12-19 11:54:32.912 [main] INFO  org.apache.catalina.core.AprLifecycleListener - Loaded Apache Tomcat Native library [2.0.8] using APR version [1.7.4].
2024-12-19 11:54:32.919 [main] INFO  org.apache.catalina.core.AprLifecycleListener - OpenSSL successfully initialized [OpenSSL 3.0.14 4 Jun 2024]
2024-12-19 11:54:32.940 [main] INFO  org.apache.coyote.http11.Http11NioProtocol - Initializing ProtocolHandler ["http-nio-8080"]
2024-12-19 11:54:32.943 [main] INFO  org.apache.catalina.core.StandardService - Starting service [Tomcat]
2024-12-19 11:54:32.943 [main] INFO  org.apache.catalina.core.StandardEngine - Starting Servlet engine: [Apache Tomcat/10.1.33]
2024-12-19 11:54:33.034 [main] INFO  o.a.c.core.ContainerBase.[Tomcat].[localhost].[/] - Initializing Spring embedded WebApplicationContext
2024-12-19 11:54:33.035 [main] INFO  o.s.b.w.s.c.ServletWebServerApplicationContext - Root WebApplicationContext: initialization completed in 3999 ms
2024-12-19 11:54:33.621 [main] INFO  com.alibaba.druid.pool.DruidDataSource - {dataSource-1} inited
2024-12-19 11:54:34.452 [main] INFO  org.hibernate.jpa.internal.util.LogHelper - HHH000204: Processing PersistenceUnitInfo [name: default]
2024-12-19 11:54:34.510 [main] INFO  org.hibernate.Version - HHH000412: Hibernate ORM core version 6.5.3.Final
2024-12-19 11:54:34.553 [main] INFO  o.hibernate.cache.internal.RegionFactoryInitiator - HHH000026: Second-level cache disabled
2024-12-19 11:54:34.898 [main] INFO  o.s.o.j.persistenceunit.SpringPersistenceUnitInfo - No LoadTimeWeaver setup: ignoring JPA class transformer
2024-12-19 11:54:36.237 [main] INFO  o.h.e.t.jta.platform.internal.JtaPlatformInitiator - HHH000489: No JTA platform available (set 'hibernate.transaction.jta.platform' to enable JTA platform integration)
2024-12-19 11:54:36.242 [main] INFO  o.s.orm.jpa.LocalContainerEntityManagerFactoryBean - Initialized JPA EntityManagerFactory for persistence unit 'default'
2024-12-19 11:54:37.129 [main] WARN  o.s.b.a.o.j.JpaBaseConfiguration$JpaWebConfiguration - spring.jpa.open-in-view is enabled by default. Therefore, database queries may be performed during view rendering. Explicitly configure spring.jpa.open-in-view to disable this warning
2024-12-19 11:54:37.317 [main] INFO  o.s.cloud.openfeign.FeignClientFactoryBean - For 'region-service' URL not provided. Will try picking an instance via load-balancing.
2024-12-19 11:54:38.368 [main] INFO  o.s.cloud.openfeign.FeignClientFactoryBean - For 'jtexpress-service' URL not provided. Will try picking an instance via load-balancing.
2024-12-19 11:54:38.427 [main] INFO  o.s.cloud.openfeign.FeignClientFactoryBean - For 'sfexpress-service' URL not provided. Will try picking an instance via load-balancing.
2024-12-19 11:54:38.485 [main] INFO  o.s.cloud.openfeign.FeignClientFactoryBean - For 'ztoexpress-service' URL not provided. Will try picking an instance via load-balancing.
2024-12-19 11:54:41.416 [main] WARN  o.s.c.l.c.LoadBalancerCacheAutoConfiguration$LoadBalancerCaffeineWarnLogger - Spring Cloud LoadBalancer is currently working with the default cache. While this cache implementation is useful for development and tests, it's recommended to use Caffeine cache in production.You can switch to using Caffeine cache, by adding it and org.springframework.cache.caffeine.CaffeineCacheManager to the classpath.
2024-12-19 11:54:41.433 [main] INFO  o.s.b.actuate.endpoint.web.EndpointLinksResolver - Exposing 19 endpoints beneath base path '/actuator'
2024-12-19 11:54:41.513 [main] INFO  org.apache.coyote.http11.Http11NioProtocol - Starting ProtocolHandler ["http-nio-8080"]
2024-12-19 11:54:41.536 [main] INFO  o.s.boot.web.embedded.tomcat.TomcatWebServer - Tomcat started on port 8080 (http) with context path '/'
2024-12-19 11:54:41.540 [main] INFO  com.alibaba.nacos.client.naming - initializer namespace from ans.namespace attribute : null
2024-12-19 11:54:41.541 [main] INFO  com.alibaba.nacos.client.naming - initializer namespace from ALIBABA_ALIWARE_NAMESPACE attribute :null
2024-12-19 11:54:41.541 [main] INFO  com.alibaba.nacos.client.naming - initializer namespace from namespace attribute :null
2024-12-19 11:54:41.545 [main] INFO  com.alibaba.nacos.client.naming - FailoverDataSource type is class com.alibaba.nacos.client.naming.backups.datasource.DiskFailoverDataSource
2024-12-19 11:54:41.548 [main] INFO  c.a.n.p.auth.spi.client.ClientAuthPluginManager - [ClientAuthPluginManager] Load ClientAuthService com.alibaba.nacos.client.auth.impl.NacosClientAuthServiceImpl success.
2024-12-19 11:54:41.548 [main] INFO  c.a.n.p.auth.spi.client.ClientAuthPluginManager - [ClientAuthPluginManager] Load ClientAuthService com.alibaba.nacos.client.auth.ram.RamClientAuthServiceImpl success.
2024-12-19 11:54:41.553 [main] INFO  com.alibaba.nacos.common.remote.client - [RpcClientFactory] create a new rpc client of f8e69f39-1516-491b-ab5a-35e9c63e6829
2024-12-19 11:54:41.555 [main] INFO  com.alibaba.nacos.client.naming - Create naming rpc client for uuid->f8e69f39-1516-491b-ab5a-35e9c63e6829
2024-12-19 11:54:41.555 [main] INFO  com.alibaba.nacos.common.remote.client - [f8e69f39-1516-491b-ab5a-35e9c63e6829] RpcClient init, ServerListFactory = com.alibaba.nacos.client.naming.core.ServerListManager
2024-12-19 11:54:41.555 [main] INFO  com.alibaba.nacos.common.remote.client - [f8e69f39-1516-491b-ab5a-35e9c63e6829] Registry connection listener to current client:com.alibaba.nacos.client.naming.remote.gprc.redo.NamingGrpcRedoService
2024-12-19 11:54:41.555 [main] INFO  com.alibaba.nacos.common.remote.client - [f8e69f39-1516-491b-ab5a-35e9c63e6829] Register server push request handler:com.alibaba.nacos.client.naming.remote.gprc.NamingPushRequestHandler
2024-12-19 11:54:41.556 [main] INFO  com.alibaba.nacos.common.remote.client - [f8e69f39-1516-491b-ab5a-35e9c63e6829] Try to connect to server on start up, server: {serverIp = 'nacos', server main port = 8848}
2024-12-19 11:54:41.556 [main] INFO  c.a.nacos.common.remote.client.grpc.GrpcClient - grpc client connection server:nacos ip,serverPort:9848,grpcTslConfig:{"sslProvider":"","enableTls":false,"mutualAuthEnable":false,"trustAll":false}
2024-12-19 11:54:41.774 [main] INFO  com.alibaba.nacos.common.remote.client - [f8e69f39-1516-491b-ab5a-35e9c63e6829] Success to connect to server [nacos:8848] on start up, connectionId = 1734580481211_10.0.0.4_61943
2024-12-19 11:54:41.775 [main] INFO  com.alibaba.nacos.common.remote.client - [f8e69f39-1516-491b-ab5a-35e9c63e6829] Register server push request handler:com.alibaba.nacos.common.remote.client.RpcClient$ConnectResetRequestHandler
2024-12-19 11:54:41.775 [com.alibaba.nacos.client.remote.worker.0] INFO  com.alibaba.nacos.common.remote.client - [f8e69f39-1516-491b-ab5a-35e9c63e6829] Notify connected event to listeners.
2024-12-19 11:54:41.775 [main] INFO  com.alibaba.nacos.common.remote.client - [f8e69f39-1516-491b-ab5a-35e9c63e6829] Register server push request handler:com.alibaba.nacos.common.remote.client.RpcClient$$Lambda$654/0x00000213bf530cb8
2024-12-19 11:54:41.775 [com.alibaba.nacos.client.remote.worker.0] INFO  com.alibaba.nacos.client.naming - Grpc connection connect
2024-12-19 11:54:41.776 [main] INFO  com.alibaba.nacos.client.naming - [REGISTER-SERVICE] public registering service freight-service with instance Instance{instanceId='null', ip='10.30.53.224', port=8080, weight=1.0, healthy=true, enabled=true, ephemeral=true, clusterName='', serviceName='null', metadata={IPv6=null, preserved.register.source=SPRING_CLOUD}}
2024-12-19 11:54:41.841 [main] INFO  c.a.cloud.nacos.registry.NacosServiceRegistry - nacos registry, DEFAULT_GROUP freight-service 10.30.53.224:8080 register finished
2024-12-19 11:54:42.101 [main] INFO  cn.edu.xmu.oomall.freight.FreightApplication - Started FreightApplication in 15.867 seconds (process running for 17.055)
2024-12-19 11:54:42.111 [main] INFO  com.alibaba.nacos.client.config.impl.CacheData - config listener notify warn timeout millis use default 60000 millis 
2024-12-19 11:54:42.112 [main] INFO  com.alibaba.nacos.client.config.impl.CacheData - nacos.cache.data.init.snapshot = true 
2024-12-19 11:54:42.112 [main] INFO  com.alibaba.nacos.client.config.impl.ClientWorker - [fixed-nacos_8848] [subscribe] freight-service.yaml+DEFAULT_GROUP
2024-12-19 11:54:42.122 [main] INFO  com.alibaba.nacos.client.config.impl.CacheData - [fixed-nacos_8848] [add-listener] ok, tenant=, dataId=freight-service.yaml, group=DEFAULT_GROUP, cnt=1
2024-12-19 11:54:42.123 [main] INFO  c.a.cloud.nacos.refresh.NacosContextRefresher - [Nacos Config] Listening config: dataId=freight-service.yaml, group=DEFAULT_GROUP
2024-12-19 11:54:42.123 [main] INFO  com.alibaba.nacos.client.config.impl.ClientWorker - [fixed-nacos_8848] [subscribe] freight-service+DEFAULT_GROUP
2024-12-19 11:54:42.123 [main] INFO  com.alibaba.nacos.client.config.impl.CacheData - [fixed-nacos_8848] [add-listener] ok, tenant=, dataId=freight-service, group=DEFAULT_GROUP, cnt=1
2024-12-19 11:54:42.123 [main] INFO  c.a.cloud.nacos.refresh.NacosContextRefresher - [Nacos Config] Listening config: dataId=freight-service, group=DEFAULT_GROUP
2024-12-19 11:54:42.487 [RMI TCP Connection(6)-10.30.53.224] INFO  o.a.c.core.ContainerBase.[Tomcat].[localhost].[/] - Initializing Spring DispatcherServlet 'dispatcherServlet'
2024-12-19 11:54:42.487 [RMI TCP Connection(6)-10.30.53.224] INFO  org.springframework.web.servlet.DispatcherServlet - Initializing Servlet 'dispatcherServlet'
2024-12-19 11:54:42.489 [RMI TCP Connection(6)-10.30.53.224] INFO  org.springframework.web.servlet.DispatcherServlet - Completed initialization in 2 ms
2024-12-19 12:28:05.305 [Thread-3] WARN  c.alibaba.nacos.common.http.HttpClientBeanHolder - [HttpClientBeanHolder] Start destroying common HttpClient
2024-12-19 12:28:05.305 [Thread-5] WARN  com.alibaba.nacos.common.notify.NotifyCenter - [NotifyCenter] Start destroying Publisher
2024-12-19 12:28:05.312 [Thread-5] WARN  com.alibaba.nacos.common.notify.NotifyCenter - [NotifyCenter] Destruction of the end
2024-12-19 12:28:05.315 [Thread-3] WARN  c.alibaba.nacos.common.http.HttpClientBeanHolder - [HttpClientBeanHolder] Destruction of the end
2024-12-19 12:28:05.746 [SpringApplicationShutdownHook] INFO  c.a.cloud.nacos.registry.NacosServiceRegistry - De-registering from Nacos Server now...
2024-12-19 12:28:05.747 [SpringApplicationShutdownHook] INFO  com.alibaba.nacos.client.naming - [DEREGISTER-SERVICE] public deregistering service freight-service with instance: Instance{instanceId='null', ip='10.30.53.224', port=8080, weight=1.0, healthy=true, enabled=true, ephemeral=true, clusterName='', serviceName='null', metadata={}}
2024-12-19 12:28:05.864 [SpringApplicationShutdownHook] INFO  c.a.cloud.nacos.registry.NacosServiceRegistry - De-registration finished.
2024-12-19 12:28:05.865 [SpringApplicationShutdownHook] INFO  com.alibaba.nacos.client.naming - com.alibaba.nacos.client.naming.cache.ServiceInfoHolder do shutdown begin
2024-12-19 12:28:05.866 [SpringApplicationShutdownHook] INFO  com.alibaba.nacos.client.naming - com.alibaba.nacos.client.naming.backups.FailoverReactor do shutdown begin
2024-12-19 12:28:05.866 [SpringApplicationShutdownHook] INFO  com.alibaba.nacos.client.naming - com.alibaba.nacos.client.naming.backups.FailoverReactor do shutdown stop
2024-12-19 12:28:05.866 [SpringApplicationShutdownHook] INFO  com.alibaba.nacos.client.naming - com.alibaba.nacos.client.naming.cache.ServiceInfoHolder do shutdown stop
2024-12-19 12:28:05.866 [SpringApplicationShutdownHook] INFO  com.alibaba.nacos.client.naming - com.alibaba.nacos.client.naming.remote.NamingClientProxyDelegate do shutdown begin
2024-12-19 12:28:05.866 [SpringApplicationShutdownHook] INFO  com.alibaba.nacos.client.naming - com.alibaba.nacos.client.naming.core.ServiceInfoUpdateService do shutdown begin
2024-12-19 12:28:05.866 [SpringApplicationShutdownHook] INFO  com.alibaba.nacos.client.naming - com.alibaba.nacos.client.naming.core.ServiceInfoUpdateService do shutdown stop
2024-12-19 12:28:05.866 [SpringApplicationShutdownHook] INFO  com.alibaba.nacos.client.naming - com.alibaba.nacos.client.naming.core.ServerListManager do shutdown begin
2024-12-19 12:28:05.866 [SpringApplicationShutdownHook] WARN  com.alibaba.nacos.client.naming - [NamingHttpClientManager] Start destroying NacosRestTemplate
2024-12-19 12:28:05.867 [SpringApplicationShutdownHook] WARN  com.alibaba.nacos.client.naming - [NamingHttpClientManager] Destruction of the end
2024-12-19 12:28:05.867 [SpringApplicationShutdownHook] INFO  com.alibaba.nacos.client.naming - com.alibaba.nacos.client.naming.core.ServerListManager do shutdown stop
2024-12-19 12:28:05.867 [SpringApplicationShutdownHook] INFO  com.alibaba.nacos.client.naming - com.alibaba.nacos.client.naming.remote.http.NamingHttpClientProxy do shutdown begin
2024-12-19 12:28:05.867 [SpringApplicationShutdownHook] WARN  com.alibaba.nacos.client.naming - [NamingHttpClientManager] Start destroying NacosRestTemplate
2024-12-19 12:28:05.867 [SpringApplicationShutdownHook] WARN  com.alibaba.nacos.client.naming - [NamingHttpClientManager] Destruction of the end
2024-12-19 12:28:05.867 [SpringApplicationShutdownHook] INFO  com.alibaba.nacos.client.naming - com.alibaba.nacos.client.naming.remote.http.NamingHttpClientProxy do shutdown stop
2024-12-19 12:28:05.867 [SpringApplicationShutdownHook] INFO  com.alibaba.nacos.client.naming - Shutdown naming grpc client proxy for  uuid->f8e69f39-1516-491b-ab5a-35e9c63e6829
2024-12-19 12:28:05.867 [SpringApplicationShutdownHook] INFO  com.alibaba.nacos.client.naming - Shutdown grpc redo service executor java.util.concurrent.ScheduledThreadPoolExecutor@4d749427[Running, pool size = 1, active threads = 0, queued tasks = 1, completed tasks = 666]
2024-12-19 12:28:05.867 [SpringApplicationShutdownHook] INFO  com.alibaba.nacos.common.remote.client - Shutdown rpc client, set status to shutdown
2024-12-19 12:28:05.867 [SpringApplicationShutdownHook] INFO  com.alibaba.nacos.common.remote.client - Shutdown client event executor java.util.concurrent.ScheduledThreadPoolExecutor@10a5068e[Running, pool size = 2, active threads = 2, queued tasks = 0, completed tasks = 0]
2024-12-19 12:28:05.868 [SpringApplicationShutdownHook] INFO  com.alibaba.nacos.common.remote.client - Close current connection 1734580481211_10.0.0.4_61943
2024-12-19 12:28:05.875 [SpringApplicationShutdownHook] INFO  c.a.nacos.common.remote.client.grpc.GrpcClient - Shutdown grpc executor java.util.concurrent.ThreadPoolExecutor@52b255c6[Running, pool size = 3, active threads = 0, queued tasks = 0, completed tasks = 400]
2024-12-19 12:28:05.875 [SpringApplicationShutdownHook] INFO  com.alibaba.nacos.client.naming - shutdown and remove naming rpc client  for uuid ->f8e69f39-1516-491b-ab5a-35e9c63e6829
2024-12-19 12:28:05.876 [SpringApplicationShutdownHook] INFO  c.a.n.client.auth.ram.identify.CredentialWatcher - [null] CredentialWatcher is stopped
2024-12-19 12:28:05.876 [SpringApplicationShutdownHook] INFO  c.a.n.client.auth.ram.identify.CredentialService - [null] CredentialService is freed
2024-12-19 12:28:05.876 [SpringApplicationShutdownHook] INFO  com.alibaba.nacos.client.naming - com.alibaba.nacos.client.naming.remote.NamingClientProxyDelegate do shutdown stop
2024-12-19 12:28:05.891 [SpringApplicationShutdownHook] INFO  o.s.orm.jpa.LocalContainerEntityManagerFactoryBean - Closing JPA EntityManagerFactory for persistence unit 'default'
2024-12-19 12:28:05.908 [SpringApplicationShutdownHook] INFO  com.alibaba.druid.pool.DruidDataSource - {dataSource-1} closing ...
2024-12-19 12:28:05.911 [SpringApplicationShutdownHook] INFO  com.alibaba.druid.pool.DruidDataSource - {dataSource-1} closed
