2024-12-17 21:55:07.754 [background-preinit] INFO  org.hibernate.validator.internal.util.Version - HV000001: Hibernate Validator 8.0.1.Final
2024-12-17 21:55:08.419 [main] INFO  com.alibaba.nacos.client.utils.ParamUtil - [settings] [req-serv] nacos-server port:8848
2024-12-17 21:55:08.420 [main] INFO  com.alibaba.nacos.client.utils.ParamUtil - [settings] [http-client] connect timeout:1000
2024-12-17 21:55:08.423 [main] INFO  com.alibaba.nacos.client.utils.ParamUtil - PER_TASK_CONFIG_SIZE: 3000.0
2024-12-17 21:55:08.433 [Thread-2] INFO  c.a.n.client.auth.ram.identify.CredentialWatcher - null No credential found
2024-12-17 21:55:08.472 [main] INFO  com.alibaba.nacos.common.labels - DefaultLabelsCollectorManager get labels.....
2024-12-17 21:55:08.473 [main] INFO  com.alibaba.nacos.common.labels - Process LabelsCollector with [name:defaultNacosLabelsCollector]
2024-12-17 21:55:08.474 [main] INFO  com.alibaba.nacos.common.labels - default nacos collect properties raw labels: null
2024-12-17 21:55:08.476 [main] INFO  com.alibaba.nacos.common.labels - default nacos collect properties labels: {}
2024-12-17 21:55:08.477 [main] INFO  com.alibaba.nacos.common.labels - default nacos collect jvm raw labels: null
2024-12-17 21:55:08.477 [main] INFO  com.alibaba.nacos.common.labels - default nacos collect jvm labels: {}
2024-12-17 21:55:08.478 [main] INFO  com.alibaba.nacos.common.labels - default nacos collect env raw labels: null
2024-12-17 21:55:08.479 [main] INFO  com.alibaba.nacos.common.labels - default nacos collect env labels: {}
2024-12-17 21:55:08.479 [main] INFO  com.alibaba.nacos.common.labels - DefaultLabelsCollectorManager get labels finished,labels :{}
2024-12-17 21:55:08.495 [main] INFO  c.a.n.p.auth.spi.client.ClientAuthPluginManager - [ClientAuthPluginManager] Load ClientAuthService com.alibaba.nacos.client.auth.impl.NacosClientAuthServiceImpl success.
2024-12-17 21:55:08.496 [main] INFO  c.a.n.p.auth.spi.client.ClientAuthPluginManager - [ClientAuthPluginManager] Load ClientAuthService com.alibaba.nacos.client.auth.ram.RamClientAuthServiceImpl success.
2024-12-17 21:55:08.505 [main] INFO  c.a.n.client.config.impl.LocalConfigInfoProcessor - LOCAL_SNAPSHOT_PATH:C:\Users\lingg\nacos\config
2024-12-17 21:55:08.512 [main] INFO  com.alibaba.nacos.common.remote.client - [RpcClientFactory] create a new rpc client of edb9e14e-8394-49ab-9a6b-f3a9f2ee9350_config-0
2024-12-17 21:55:08.546 [main] INFO  com.alibaba.nacos.common.remote.client - [edb9e14e-8394-49ab-9a6b-f3a9f2ee9350_config-0] Register server push request handler:com.alibaba.nacos.client.config.impl.ClientWorker$ConfigRpcTransportClient$$Lambda$637/0x0000024a253abd90
2024-12-17 21:55:08.547 [main] INFO  com.alibaba.nacos.common.remote.client - [edb9e14e-8394-49ab-9a6b-f3a9f2ee9350_config-0] Register server push request handler:com.alibaba.nacos.client.config.impl.ClientWorker$ConfigRpcTransportClient$$Lambda$638/0x0000024a253ac1b0
2024-12-17 21:55:08.548 [main] INFO  com.alibaba.nacos.common.remote.client - [edb9e14e-8394-49ab-9a6b-f3a9f2ee9350_config-0] Registry connection listener to current client:com.alibaba.nacos.client.config.impl.ClientWorker$ConfigRpcTransportClient$1
2024-12-17 21:55:08.549 [main] INFO  com.alibaba.nacos.common.remote.client - [edb9e14e-8394-49ab-9a6b-f3a9f2ee9350_config-0] RpcClient init, ServerListFactory = com.alibaba.nacos.client.config.impl.ClientWorker$ConfigRpcTransportClient$2
2024-12-17 21:55:08.556 [main] INFO  com.alibaba.nacos.common.remote.client - [edb9e14e-8394-49ab-9a6b-f3a9f2ee9350_config-0] Try to connect to server on start up, server: {serverIp = 'nacos', server main port = 8848}
2024-12-17 21:55:08.600 [main] INFO  c.a.nacos.common.remote.client.grpc.GrpcClient - grpc client connection server:nacos ip,serverPort:9848,grpcTslConfig:{"sslProvider":"","enableTls":false,"mutualAuthEnable":false,"trustAll":false}
2024-12-17 21:55:09.866 [main] INFO  c.a.n.common.ability.AbstractAbilityControlManager - Ready to get current node abilities...
2024-12-17 21:55:09.868 [main] INFO  c.a.n.common.ability.AbstractAbilityControlManager - Ready to initialize current node abilities, support modes: [SDK_CLIENT]
2024-12-17 21:55:09.870 [main] INFO  c.a.n.common.ability.AbstractAbilityControlManager - Initialize current abilities finish...
2024-12-17 21:55:09.871 [main] INFO  c.a.n.c.ability.discover.NacosAbilityManagerHolder - [AbilityControlManager] Successfully initialize AbilityControlManager
2024-12-17 21:55:09.960 [main] INFO  com.alibaba.nacos.common.remote.client - [edb9e14e-8394-49ab-9a6b-f3a9f2ee9350_config-0] Success to connect to server [nacos:8848] on start up, connectionId = 1734443710726_10.0.0.4_53796
2024-12-17 21:55:09.967 [com.alibaba.nacos.client.remote.worker.0] INFO  com.alibaba.nacos.common.remote.client - [edb9e14e-8394-49ab-9a6b-f3a9f2ee9350_config-0] Notify connected event to listeners.
2024-12-17 21:55:09.968 [com.alibaba.nacos.client.remote.worker.0] INFO  com.alibaba.nacos.client.config.impl.ClientWorker - [edb9e14e-8394-49ab-9a6b-f3a9f2ee9350_config-0] Connected,notify listen context...
2024-12-17 21:55:09.968 [main] INFO  com.alibaba.nacos.common.remote.client - [edb9e14e-8394-49ab-9a6b-f3a9f2ee9350_config-0] Register server push request handler:com.alibaba.nacos.common.remote.client.RpcClient$ConnectResetRequestHandler
2024-12-17 21:55:09.968 [main] INFO  com.alibaba.nacos.common.remote.client - [edb9e14e-8394-49ab-9a6b-f3a9f2ee9350_config-0] Register server push request handler:com.alibaba.nacos.common.remote.client.RpcClient$$Lambda$657/0x0000024a25535f98
2024-12-17 21:55:10.081 [main] INFO  com.alibaba.nacos.client.config.impl.Limiter - limitTime:5.0
2024-12-17 21:55:10.177 [main] WARN  c.a.cloud.nacos.client.NacosPropertySourceBuilder - Ignore the empty nacos configuration and get it based on dataId[product-service] & group[DEFAULT_GROUP]
2024-12-17 21:55:10.240 [main] WARN  c.a.cloud.nacos.client.NacosPropertySourceBuilder - Ignore the empty nacos configuration and get it based on dataId[product-service.yaml] & group[DEFAULT_GROUP]
2024-12-17 21:55:10.324 [main] WARN  c.a.cloud.nacos.client.NacosPropertySourceBuilder - Ignore the empty nacos configuration and get it based on dataId[product-service-dev.yaml] & group[DEFAULT_GROUP]
2024-12-17 21:55:10.329 [main] INFO  o.s.c.b.c.PropertySourceBootstrapConfiguration - Located property source: [BootstrapPropertySource {name='bootstrapProperties-product-service-dev.yaml,DEFAULT_GROUP'}, BootstrapPropertySource {name='bootstrapProperties-product-service.yaml,DEFAULT_GROUP'}, BootstrapPropertySource {name='bootstrapProperties-product-service,DEFAULT_GROUP'}]
2024-12-17 21:55:10.343 [main] INFO  cn.edu.xmu.oomall.product.ProductTestApplication - The following 1 profile is active: "dev"
2024-12-17 21:55:11.254 [main] INFO  o.s.d.r.config.RepositoryConfigurationDelegate - Multiple Spring Data modules found, entering strict repository configuration mode
2024-12-17 21:55:11.255 [main] INFO  o.s.d.r.config.RepositoryConfigurationDelegate - Bootstrapping Spring Data JPA repositories in DEFAULT mode.
2024-12-17 21:55:11.427 [main] INFO  o.s.d.r.config.RepositoryConfigurationDelegate - Finished Spring Data repository scanning in 165 ms. Found 6 JPA repository interfaces.
2024-12-17 21:55:11.429 [main] INFO  o.s.d.r.config.RepositoryConfigurationDelegate - Multiple Spring Data modules found, entering strict repository configuration mode
2024-12-17 21:55:11.429 [main] INFO  o.s.d.r.config.RepositoryConfigurationDelegate - Bootstrapping Spring Data MongoDB repositories in DEFAULT mode.
2024-12-17 21:55:11.437 [main] INFO  o.s.d.r.config.RepositoryConfigurationDelegate - Finished Spring Data repository scanning in 7 ms. Found 2 MongoDB repository interfaces.
2024-12-17 21:55:12.256 [main] WARN  org.mybatis.spring.mapper.ClassPathMapperScanner - No MyBatis mapper was found in '[cn.edu.xmu.oomall.product]' package. Please check your configuration.
2024-12-17 21:55:12.469 [main] INFO  o.springframework.cloud.context.scope.GenericScope - BeanFactory id=b0c0e4d3-aa53-3315-bbce-46e3dafd98ba
2024-12-17 21:55:12.825 [main] WARN  o.s.c.s.PostProcessorRegistrationDelegate$BeanPostProcessorChecker - Bean 'org.apache.rocketmq.spring.autoconfigure.ListenerContainerConfiguration' of type [org.apache.rocketmq.spring.autoconfigure.ListenerContainerConfiguration$$SpringCGLIB$$0] is not eligible for getting processed by all BeanPostProcessors (for example: not eligible for auto-proxying). Is this bean getting eagerly injected/applied to a currently created BeanPostProcessor [org.apache.rocketmq.spring.annotation.RocketMQMessageListenerBeanPostProcessor]? Check the corresponding BeanPostProcessor declaration and its dependencies/advisors. If this bean does not have to be post-processed, declare it with ROLE_INFRASTRUCTURE.
2024-12-17 21:55:12.831 [main] WARN  o.s.c.s.PostProcessorRegistrationDelegate$BeanPostProcessorChecker - Bean 'org.apache.rocketmq.spring.autoconfigure.MessageConverterConfiguration' of type [org.apache.rocketmq.spring.autoconfigure.MessageConverterConfiguration$$SpringCGLIB$$0] is not eligible for getting processed by all BeanPostProcessors (for example: not eligible for auto-proxying). Is this bean getting eagerly injected/applied to a currently created BeanPostProcessor [org.apache.rocketmq.spring.annotation.RocketMQMessageListenerBeanPostProcessor]? Check the corresponding BeanPostProcessor declaration and its dependencies/advisors. If this bean does not have to be post-processed, declare it with ROLE_INFRASTRUCTURE.
2024-12-17 21:55:12.928 [main] WARN  o.s.c.s.PostProcessorRegistrationDelegate$BeanPostProcessorChecker - Bean 'createRocketMQMessageConverter' of type [org.apache.rocketmq.spring.support.RocketMQMessageConverter] is not eligible for getting processed by all BeanPostProcessors (for example: not eligible for auto-proxying). Is this bean getting eagerly injected/applied to a currently created BeanPostProcessor [org.apache.rocketmq.spring.annotation.RocketMQMessageListenerBeanPostProcessor]? Check the corresponding BeanPostProcessor declaration and its dependencies/advisors. If this bean does not have to be post-processed, declare it with ROLE_INFRASTRUCTURE.
2024-12-17 21:55:12.937 [main] WARN  o.s.c.s.PostProcessorRegistrationDelegate$BeanPostProcessorChecker - Bean 'org.springframework.cloud.commons.config.CommonsConfigAutoConfiguration' of type [org.springframework.cloud.commons.config.CommonsConfigAutoConfiguration] is not eligible for getting processed by all BeanPostProcessors (for example: not eligible for auto-proxying). Is this bean getting eagerly injected/applied to a currently created BeanPostProcessor [org.apache.rocketmq.spring.annotation.RocketMQMessageListenerBeanPostProcessor]? Check the corresponding BeanPostProcessor declaration and its dependencies/advisors. If this bean does not have to be post-processed, declare it with ROLE_INFRASTRUCTURE.
2024-12-17 21:55:12.943 [main] WARN  o.s.c.s.PostProcessorRegistrationDelegate$BeanPostProcessorChecker - Bean 'org.springframework.cloud.client.loadbalancer.LoadBalancerDefaultMappingsProviderAutoConfiguration' of type [org.springframework.cloud.client.loadbalancer.LoadBalancerDefaultMappingsProviderAutoConfiguration] is not eligible for getting processed by all BeanPostProcessors (for example: not eligible for auto-proxying). Is this bean getting eagerly injected/applied to a currently created BeanPostProcessor [org.apache.rocketmq.spring.annotation.RocketMQMessageListenerBeanPostProcessor]? Check the corresponding BeanPostProcessor declaration and its dependencies/advisors. If this bean does not have to be post-processed, declare it with ROLE_INFRASTRUCTURE.
2024-12-17 21:55:12.945 [main] WARN  o.s.c.s.PostProcessorRegistrationDelegate$BeanPostProcessorChecker - Bean 'loadBalancerClientsDefaultsMappingsProvider' of type [org.springframework.cloud.client.loadbalancer.LoadBalancerDefaultMappingsProviderAutoConfiguration$$Lambda$866/0x0000024a2576a1b8] is not eligible for getting processed by all BeanPostProcessors (for example: not eligible for auto-proxying). Is this bean getting eagerly injected/applied to a currently created BeanPostProcessor [org.apache.rocketmq.spring.annotation.RocketMQMessageListenerBeanPostProcessor]? Check the corresponding BeanPostProcessor declaration and its dependencies/advisors. If this bean does not have to be post-processed, declare it with ROLE_INFRASTRUCTURE.
2024-12-17 21:55:12.953 [main] WARN  o.s.c.s.PostProcessorRegistrationDelegate$BeanPostProcessorChecker - Bean 'defaultsBindHandlerAdvisor' of type [org.springframework.cloud.commons.config.DefaultsBindHandlerAdvisor] is not eligible for getting processed by all BeanPostProcessors (for example: not eligible for auto-proxying). Is this bean getting eagerly injected/applied to a currently created BeanPostProcessor [org.apache.rocketmq.spring.annotation.RocketMQMessageListenerBeanPostProcessor]? Check the corresponding BeanPostProcessor declaration and its dependencies/advisors. If this bean does not have to be post-processed, declare it with ROLE_INFRASTRUCTURE.
2024-12-17 21:55:12.961 [main] WARN  o.s.c.s.PostProcessorRegistrationDelegate$BeanPostProcessorChecker - Bean 'rocketmq-org.apache.rocketmq.spring.autoconfigure.RocketMQProperties' of type [org.apache.rocketmq.spring.autoconfigure.RocketMQProperties] is not eligible for getting processed by all BeanPostProcessors (for example: not eligible for auto-proxying). Is this bean getting eagerly injected/applied to a currently created BeanPostProcessor [org.apache.rocketmq.spring.annotation.RocketMQMessageListenerBeanPostProcessor]? Check the corresponding BeanPostProcessor declaration and its dependencies/advisors. If this bean does not have to be post-processed, declare it with ROLE_INFRASTRUCTURE.
2024-12-17 21:55:12.971 [main] WARN  o.s.c.s.PostProcessorRegistrationDelegate$BeanPostProcessorChecker - Bean 'rocketMQMessageListenerContainerRegistrar' of type [org.apache.rocketmq.spring.support.RocketMQMessageListenerContainerRegistrar] is not eligible for getting processed by all BeanPostProcessors (for example: not eligible for auto-proxying). Is this bean getting eagerly injected/applied to a currently created BeanPostProcessor [org.apache.rocketmq.spring.annotation.RocketMQMessageListenerBeanPostProcessor]? Check the corresponding BeanPostProcessor declaration and its dependencies/advisors. If this bean does not have to be post-processed, declare it with ROLE_INFRASTRUCTURE.
2024-12-17 21:55:13.351 [main] INFO  o.s.boot.web.embedded.tomcat.TomcatWebServer - Tomcat initialized with port 8080 (http)
2024-12-17 21:55:13.367 [main] INFO  org.apache.coyote.http11.Http11NioProtocol - Initializing ProtocolHandler ["http-nio-8080"]
2024-12-17 21:55:13.369 [main] INFO  org.apache.catalina.core.StandardService - Starting service [Tomcat]
2024-12-17 21:55:13.369 [main] INFO  org.apache.catalina.core.StandardEngine - Starting Servlet engine: [Apache Tomcat/10.1.33]
2024-12-17 21:55:13.467 [main] INFO  o.a.c.core.ContainerBase.[Tomcat].[localhost].[/] - Initializing Spring embedded WebApplicationContext
2024-12-17 21:55:13.467 [main] INFO  o.s.b.w.s.c.ServletWebServerApplicationContext - Root WebApplicationContext: initialization completed in 3091 ms
2024-12-17 21:55:14.040 [main] INFO  com.alibaba.druid.pool.DruidDataSource - {dataSource-1} inited
2024-12-17 21:55:15.023 [main] INFO  org.hibernate.jpa.internal.util.LogHelper - HHH000204: Processing PersistenceUnitInfo [name: default]
2024-12-17 21:55:15.078 [main] INFO  org.hibernate.Version - HHH000412: Hibernate ORM core version 6.5.3.Final
2024-12-17 21:55:15.111 [main] INFO  o.hibernate.cache.internal.RegionFactoryInitiator - HHH000026: Second-level cache disabled
2024-12-17 21:55:15.424 [main] INFO  o.s.o.j.persistenceunit.SpringPersistenceUnitInfo - No LoadTimeWeaver setup: ignoring JPA class transformer
2024-12-17 21:55:16.751 [main] INFO  o.h.e.t.jta.platform.internal.JtaPlatformInitiator - HHH000489: No JTA platform available (set 'hibernate.transaction.jta.platform' to enable JTA platform integration)
2024-12-17 21:55:16.754 [main] INFO  o.s.orm.jpa.LocalContainerEntityManagerFactoryBean - Initialized JPA EntityManagerFactory for persistence unit 'default'
2024-12-17 21:55:18.012 [main] INFO  o.s.data.jpa.repository.query.QueryEnhancerFactory - JSqlParser is in classpath; If applicable, JSqlParser will be used.
2024-12-17 21:55:18.012 [main] INFO  o.s.data.jpa.repository.query.QueryEnhancerFactory - Hibernate is in classpath; If applicable, HQL parser will be used.
2024-12-17 21:55:18.783 [main] WARN  o.s.b.a.o.j.JpaBaseConfiguration$JpaWebConfiguration - spring.jpa.open-in-view is enabled by default. Therefore, database queries may be performed during view rendering. Explicitly configure spring.jpa.open-in-view to disable this warning
2024-12-17 21:55:18.968 [main] INFO  o.s.cloud.openfeign.FeignClientFactoryBean - For 'shop-service' URL not provided. Will try picking an instance via load-balancing.
2024-12-17 21:55:19.147 [main] DEBUG cn.edu.xmu.oomall.product.config.ProductConfig - snowFlakeIdWorker: ip = 192.168.1.106
2024-12-17 21:55:19.270 [main] INFO  o.s.cloud.openfeign.FeignClientFactoryBean - For 'elasticsearch-service' URL not provided. Will try picking an instance via load-balancing.
2024-12-17 21:55:19.571 [main] INFO  org.mongodb.driver.cluster - Adding discovered server mongo1:27017 to client view of cluster
2024-12-17 21:55:19.652 [main] INFO  org.mongodb.driver.cluster - Adding discovered server mongo1:27018 to client view of cluster
2024-12-17 21:55:19.657 [main] INFO  org.mongodb.driver.cluster - Adding discovered server mongo1:27019 to client view of cluster
2024-12-17 21:55:19.683 [main] INFO  org.mongodb.driver.client - MongoClient with metadata {"driver": {"name": "mongo-java-driver|sync", "version": "5.0.1"}, "os": {"type": "Windows", "name": "Windows 11", "architecture": "amd64", "version": "10.0"}, "platform": "Java/Amazon.com Inc./17.0.13+11-LTS"} created with settings MongoClientSettings{readPreference=ReadPreference{name=nearest, hedgeOptions=null}, writeConcern=WriteConcern{w=null, wTimeout=null ms, journal=null}, retryWrites=true, retryReads=true, readConcern=ReadConcern{level=null}, credential=MongoCredential{mechanism=null, userName='demouser', source='oomall', password=<hidden>, mechanismProperties=<hidden>}, transportSettings=null, commandListeners=[cn.edu.xmu.oomall.product.config.MongoCommandLogger@4d356547], codecRegistry=ProvidersCodecRegistry{codecProviders=[ValueCodecProvider{}, BsonValueCodecProvider{}, DBRefCodecProvider{}, DBObjectCodecProvider{}, DocumentCodecProvider{}, CollectionCodecProvider{}, IterableCodecProvider{}, MapCodecProvider{}, GeoJsonCodecProvider{}, GridFSFileCodecProvider{}, Jsr310CodecProvider{}, JsonObjectCodecProvider{}, BsonCodecProvider{}, EnumCodecProvider{}, com.mongodb.client.model.mql.ExpressionCodecProvider@3479e14e, com.mongodb.Jep395RecordCodecProvider@4aa037e6, com.mongodb.KotlinCodecProvider@1abd92c6]}, loggerSettings=LoggerSettings{maxDocumentLength=1000}, clusterSettings={hosts=[mongo1:27017, mongo1:27018, mongo1:27019], srvServiceName=mongodb, mode=MULTIPLE, requiredClusterType=REPLICA_SET, requiredReplicaSetName='rs0', serverSelector='null', clusterListeners='[]', serverSelectionTimeout='30000 ms', localThreshold='15 ms'}, socketSettings=SocketSettings{connectTimeoutMS=10000, readTimeoutMS=0, receiveBufferSize=0, proxySettings=ProxySettings{host=null, port=null, username=null, password=null}}, heartbeatSocketSettings=SocketSettings{connectTimeoutMS=10000, readTimeoutMS=10000, receiveBufferSize=0, proxySettings=ProxySettings{host=null, port=null, username=null, password=null}}, connectionPoolSettings=ConnectionPoolSettings{maxSize=100, minSize=0, maxWaitTimeMS=120000, maxConnectionLifeTimeMS=0, maxConnectionIdleTimeMS=0, maintenanceInitialDelayMS=0, maintenanceFrequencyMS=60000, connectionPoolListeners=[], maxConnecting=2}, serverSettings=ServerSettings{heartbeatFrequencyMS=10000, minHeartbeatFrequencyMS=500, serverListeners='[]', serverMonitorListeners='[]'}, sslSettings=SslSettings{enabled=false, invalidHostNameAllowed=false, context=null}, applicationName='null', compressorList=[], uuidRepresentation=UNSPECIFIED, serverApi=null, autoEncryptionSettings=null, dnsClient=null, inetAddressResolver=null, contextProvider=null}
2024-12-17 21:55:19.805 [cluster-ClusterId{value='676182c758f3337b27eca75e', description='null'}-mongo1:27017] INFO  org.mongodb.driver.cluster - Monitor thread successfully connected to server with description ServerDescription{address=mongo1:27017, type=REPLICA_SET_PRIMARY, state=CONNECTED, ok=true, minWireVersion=0, maxWireVersion=25, maxDocumentSize=16777216, logicalSessionTimeoutMinutes=30, roundTripTimeNanos=90704200, setName='rs0', canonicalAddress=mongo1:27017, hosts=[mongo3:27017, mongo2:27017, mongo1:27017], passives=[], arbiters=[], primary='mongo1:27017', tagSet=TagSet{[]}, electionId=7fffffff0000000000000001, setVersion=1, topologyVersion=TopologyVersion{processId=675841b849956b942a1a1fb8, counter=6}, lastWriteDate=Tue Dec 17 21:55:11 CST 2024, lastUpdateTimeNanos=2580653616700}
2024-12-17 21:55:19.808 [cluster-ClusterId{value='676182c758f3337b27eca75e', description='null'}-mongo1:27017] INFO  org.mongodb.driver.cluster - Adding discovered server mongo3:27017 to client view of cluster
2024-12-17 21:55:19.812 [cluster-ClusterId{value='676182c758f3337b27eca75e', description='null'}-mongo1:27017] INFO  org.mongodb.driver.cluster - Adding discovered server mongo2:27017 to client view of cluster
2024-12-17 21:55:19.814 [cluster-ClusterId{value='676182c758f3337b27eca75e', description='null'}-mongo1:27017] INFO  org.mongodb.driver.cluster - Server mongo1:27018 is no longer a member of the replica set.  Removing from client view of cluster.
2024-12-17 21:55:19.816 [cluster-ClusterId{value='676182c758f3337b27eca75e', description='null'}-mongo1:27017] INFO  org.mongodb.driver.cluster - Server mongo1:27019 is no longer a member of the replica set.  Removing from client view of cluster.
2024-12-17 21:55:19.816 [cluster-ClusterId{value='676182c758f3337b27eca75e', description='null'}-mongo1:27017] INFO  org.mongodb.driver.cluster - Discovered replica set primary mongo1:27017 with max election id 7fffffff0000000000000001 and max set version 1
2024-12-17 21:55:19.904 [cluster-ClusterId{value='676182c758f3337b27eca75e', description='null'}-mongo2:27017] INFO  org.mongodb.driver.cluster - Monitor thread successfully connected to server with description ServerDescription{address=mongo2:27017, type=REPLICA_SET_PRIMARY, state=CONNECTED, ok=true, minWireVersion=0, maxWireVersion=25, maxDocumentSize=16777216, logicalSessionTimeoutMinutes=30, roundTripTimeNanos=44764000, setName='rs0', canonicalAddress=mongo1:27017, hosts=[mongo3:27017, mongo2:27017, mongo1:27017], passives=[], arbiters=[], primary='mongo1:27017', tagSet=TagSet{[]}, electionId=7fffffff0000000000000001, setVersion=1, topologyVersion=TopologyVersion{processId=675841b849956b942a1a1fb8, counter=6}, lastWriteDate=Tue Dec 17 21:55:11 CST 2024, lastUpdateTimeNanos=2580755585700}
2024-12-17 21:55:19.905 [cluster-ClusterId{value='676182c758f3337b27eca75e', description='null'}-mongo2:27017] INFO  org.mongodb.driver.cluster - Rediscovering type of existing primary mongo1:27017
2024-12-17 21:55:19.909 [cluster-ClusterId{value='676182c758f3337b27eca75e', description='null'}-mongo3:27017] INFO  org.mongodb.driver.cluster - Monitor thread successfully connected to server with description ServerDescription{address=mongo3:27017, type=REPLICA_SET_PRIMARY, state=CONNECTED, ok=true, minWireVersion=0, maxWireVersion=25, maxDocumentSize=16777216, logicalSessionTimeoutMinutes=30, roundTripTimeNanos=47415500, setName='rs0', canonicalAddress=mongo1:27017, hosts=[mongo3:27017, mongo2:27017, mongo1:27017], passives=[], arbiters=[], primary='mongo1:27017', tagSet=TagSet{[]}, electionId=7fffffff0000000000000001, setVersion=1, topologyVersion=TopologyVersion{processId=675841b849956b942a1a1fb8, counter=6}, lastWriteDate=Tue Dec 17 21:55:11 CST 2024, lastUpdateTimeNanos=2580760419600}
2024-12-17 21:55:19.911 [cluster-ClusterId{value='676182c758f3337b27eca75e', description='null'}-mongo2:27017] INFO  org.mongodb.driver.cluster - Discovered replica set primary mongo2:27017 with max election id 7fffffff0000000000000001 and max set version 1
2024-12-17 21:55:19.911 [cluster-ClusterId{value='676182c758f3337b27eca75e', description='null'}-mongo3:27017] INFO  org.mongodb.driver.cluster - Rediscovering type of existing primary mongo2:27017
2024-12-17 21:55:19.911 [cluster-ClusterId{value='676182c758f3337b27eca75e', description='null'}-mongo3:27017] INFO  org.mongodb.driver.cluster - Discovered replica set primary mongo3:27017 with max election id 7fffffff0000000000000001 and max set version 1
2024-12-17 21:55:20.202 [main] INFO  o.s.cloud.openfeign.FeignClientFactoryBean - For 'freight-service' URL not provided. Will try picking an instance via load-balancing.
2024-12-17 21:55:23.976 [main] INFO  o.a.r.s.autoconfigure.RocketMQAutoConfiguration - a producer (goods-producer) init on namesrv rocketmq-namesrv:9876
2024-12-17 21:55:25.016 [main] WARN  o.s.c.l.c.LoadBalancerCacheAutoConfiguration$LoadBalancerCaffeineWarnLogger - Spring Cloud LoadBalancer is currently working with the default cache. While this cache implementation is useful for development and tests, it's recommended to use Caffeine cache in production.You can switch to using Caffeine cache, by adding it and org.springframework.cache.caffeine.CaffeineCacheManager to the classpath.
2024-12-17 21:55:25.043 [main] INFO  o.s.b.actuate.endpoint.web.EndpointLinksResolver - Exposing 19 endpoints beneath base path '/actuator'
2024-12-17 21:55:25.173 [main] INFO  org.apache.coyote.http11.Http11NioProtocol - Starting ProtocolHandler ["http-nio-8080"]
2024-12-17 21:55:25.214 [main] INFO  o.s.boot.web.embedded.tomcat.TomcatWebServer - Tomcat started on port 8080 (http) with context path '/'
2024-12-17 21:55:25.221 [main] INFO  com.alibaba.nacos.client.naming - initializer namespace from ans.namespace attribute : null
2024-12-17 21:55:25.222 [main] INFO  com.alibaba.nacos.client.naming - initializer namespace from ALIBABA_ALIWARE_NAMESPACE attribute :null
2024-12-17 21:55:25.222 [main] INFO  com.alibaba.nacos.client.naming - initializer namespace from namespace attribute :null
2024-12-17 21:55:25.228 [main] INFO  com.alibaba.nacos.client.naming - FailoverDataSource type is class com.alibaba.nacos.client.naming.backups.datasource.DiskFailoverDataSource
2024-12-17 21:55:25.255 [main] INFO  c.a.n.p.auth.spi.client.ClientAuthPluginManager - [ClientAuthPluginManager] Load ClientAuthService com.alibaba.nacos.client.auth.impl.NacosClientAuthServiceImpl success.
2024-12-17 21:55:25.256 [main] INFO  c.a.n.p.auth.spi.client.ClientAuthPluginManager - [ClientAuthPluginManager] Load ClientAuthService com.alibaba.nacos.client.auth.ram.RamClientAuthServiceImpl success.
2024-12-17 21:55:25.262 [main] INFO  com.alibaba.nacos.common.remote.client - [RpcClientFactory] create a new rpc client of ac8e662a-8dd6-4d11-ae08-c327dbfa7c70
2024-12-17 21:55:25.264 [main] INFO  com.alibaba.nacos.client.naming - Create naming rpc client for uuid->ac8e662a-8dd6-4d11-ae08-c327dbfa7c70
2024-12-17 21:55:25.265 [main] INFO  com.alibaba.nacos.common.remote.client - [ac8e662a-8dd6-4d11-ae08-c327dbfa7c70] RpcClient init, ServerListFactory = com.alibaba.nacos.client.naming.core.ServerListManager
2024-12-17 21:55:25.265 [main] INFO  com.alibaba.nacos.common.remote.client - [ac8e662a-8dd6-4d11-ae08-c327dbfa7c70] Registry connection listener to current client:com.alibaba.nacos.client.naming.remote.gprc.redo.NamingGrpcRedoService
2024-12-17 21:55:25.265 [main] INFO  com.alibaba.nacos.common.remote.client - [ac8e662a-8dd6-4d11-ae08-c327dbfa7c70] Register server push request handler:com.alibaba.nacos.client.naming.remote.gprc.NamingPushRequestHandler
2024-12-17 21:55:25.266 [main] INFO  com.alibaba.nacos.common.remote.client - [ac8e662a-8dd6-4d11-ae08-c327dbfa7c70] Try to connect to server on start up, server: {serverIp = 'nacos', server main port = 8848}
2024-12-17 21:55:25.267 [main] INFO  c.a.nacos.common.remote.client.grpc.GrpcClient - grpc client connection server:nacos ip,serverPort:9848,grpcTslConfig:{"sslProvider":"","enableTls":false,"mutualAuthEnable":false,"trustAll":false}
2024-12-17 21:55:25.475 [main] INFO  com.alibaba.nacos.common.remote.client - [ac8e662a-8dd6-4d11-ae08-c327dbfa7c70] Success to connect to server [nacos:8848] on start up, connectionId = 1734443726402_10.0.0.4_53818
2024-12-17 21:55:25.475 [main] INFO  com.alibaba.nacos.common.remote.client - [ac8e662a-8dd6-4d11-ae08-c327dbfa7c70] Register server push request handler:com.alibaba.nacos.common.remote.client.RpcClient$ConnectResetRequestHandler
2024-12-17 21:55:25.475 [main] INFO  com.alibaba.nacos.common.remote.client - [ac8e662a-8dd6-4d11-ae08-c327dbfa7c70] Register server push request handler:com.alibaba.nacos.common.remote.client.RpcClient$$Lambda$657/0x0000024a25535f98
2024-12-17 21:55:25.475 [com.alibaba.nacos.client.remote.worker.0] INFO  com.alibaba.nacos.common.remote.client - [ac8e662a-8dd6-4d11-ae08-c327dbfa7c70] Notify connected event to listeners.
2024-12-17 21:55:25.475 [com.alibaba.nacos.client.remote.worker.0] INFO  com.alibaba.nacos.client.naming - Grpc connection connect
2024-12-17 21:55:25.478 [main] INFO  com.alibaba.nacos.client.naming - [REGISTER-SERVICE] public registering service product-service with instance Instance{instanceId='null', ip='192.168.1.106', port=8080, weight=1.0, healthy=true, enabled=true, ephemeral=true, clusterName='', serviceName='null', metadata={IPv6=null, preserved.register.source=SPRING_CLOUD}}
2024-12-17 21:55:25.794 [main] INFO  c.a.cloud.nacos.registry.NacosServiceRegistry - nacos registry, DEFAULT_GROUP product-service 192.168.1.106:8080 register finished
2024-12-17 21:55:26.114 [main] INFO  cn.edu.xmu.oomall.product.ProductTestApplication - Started ProductTestApplication in 18.903 seconds (process running for 19.861)
2024-12-17 21:55:26.120 [main] DEBUG cn.edu.xmu.javaee.core.util.JwtHelper - createToken:
2024-12-17 21:55:26.123 [main] DEBUG cn.edu.xmu.javaee.core.util.JwtHelper - createToken: userId = 1 userName=13088admin departId=0 tokenId:202412172155261LRA
2024-12-17 21:55:26.154 [main] INFO  cn.edu.xmu.oomall.product.config.StartupRunner - admin token = eyJ0eXAiOiJKV1QiLCJhbGciOiJIUzI1NiJ9.eyJ1c2VySWQiOjEsImRlcGFydElkIjowLCJ0b2tlbklkIjoiMjAyNDEyMTcyMTU1MjYxTFJBIiwidXNlck5hbWUiOiIxMzA4OGFkbWluIiwidXNlckxldmVsIjowLCJpc3MiOiJPT0FEIiwic3ViIjoidGhpcyBpcyBhIHRva2VuIiwiYXVkIjoiTUlOSUFQUCIsImlhdCI6MTczNDQ0MzcyNiwiZXhwIjoxNzM0NDQ3MzI2fQ.Fisl8K4WSQJR-QzWJJjfJyi0KLTrJMpmChhd4pG-80U
2024-12-17 21:55:26.154 [main] DEBUG cn.edu.xmu.javaee.core.util.JwtHelper - createToken:
2024-12-17 21:55:26.155 [main] DEBUG cn.edu.xmu.javaee.core.util.JwtHelper - createToken: userId = 2 userName=shop1 departId=1 tokenId:2024121721552610VA
2024-12-17 21:55:26.156 [main] INFO  cn.edu.xmu.oomall.product.config.StartupRunner - shop 1 token = eyJ0eXAiOiJKV1QiLCJhbGciOiJIUzI1NiJ9.eyJ1c2VySWQiOjIsImRlcGFydElkIjoxLCJ0b2tlbklkIjoiMjAyNDEyMTcyMTU1MjYxMFZBIiwidXNlck5hbWUiOiJzaG9wMSIsInVzZXJMZXZlbCI6MSwiaXNzIjoiT09BRCIsInN1YiI6InRoaXMgaXMgYSB0b2tlbiIsImF1ZCI6Ik1JTklBUFAiLCJpYXQiOjE3MzQ0NDM3MjYsImV4cCI6MTczNDQ0NzMyNn0.V61xHHCwrGL_UT06gbL2fzhkEZ2NjB9RaX-KDGdUAZM
2024-12-17 21:55:26.162 [main] INFO  com.alibaba.nacos.client.config.impl.CacheData - config listener notify warn timeout millis use default 60000 millis 
2024-12-17 21:55:26.164 [main] INFO  com.alibaba.nacos.client.config.impl.CacheData - nacos.cache.data.init.snapshot = true 
2024-12-17 21:55:26.165 [main] INFO  com.alibaba.nacos.client.config.impl.ClientWorker - [fixed-nacos_8848] [subscribe] product-service-dev.yaml+DEFAULT_GROUP
2024-12-17 21:55:26.176 [main] INFO  com.alibaba.nacos.client.config.impl.CacheData - [fixed-nacos_8848] [add-listener] ok, tenant=, dataId=product-service-dev.yaml, group=DEFAULT_GROUP, cnt=1
2024-12-17 21:55:26.177 [main] INFO  c.a.cloud.nacos.refresh.NacosContextRefresher - [Nacos Config] Listening config: dataId=product-service-dev.yaml, group=DEFAULT_GROUP
2024-12-17 21:55:26.177 [main] INFO  com.alibaba.nacos.client.config.impl.ClientWorker - [fixed-nacos_8848] [subscribe] product-service+DEFAULT_GROUP
2024-12-17 21:55:26.177 [main] INFO  com.alibaba.nacos.client.config.impl.CacheData - [fixed-nacos_8848] [add-listener] ok, tenant=, dataId=product-service, group=DEFAULT_GROUP, cnt=1
2024-12-17 21:55:26.178 [main] INFO  c.a.cloud.nacos.refresh.NacosContextRefresher - [Nacos Config] Listening config: dataId=product-service, group=DEFAULT_GROUP
2024-12-17 21:55:26.178 [main] INFO  com.alibaba.nacos.client.config.impl.ClientWorker - [fixed-nacos_8848] [subscribe] product-service.yaml+DEFAULT_GROUP
2024-12-17 21:55:26.178 [main] INFO  com.alibaba.nacos.client.config.impl.CacheData - [fixed-nacos_8848] [add-listener] ok, tenant=, dataId=product-service.yaml, group=DEFAULT_GROUP, cnt=1
2024-12-17 21:55:26.178 [main] INFO  c.a.cloud.nacos.refresh.NacosContextRefresher - [Nacos Config] Listening config: dataId=product-service.yaml, group=DEFAULT_GROUP
2024-12-17 21:55:26.703 [RMI TCP Connection(3)-192.168.1.106] INFO  o.a.c.core.ContainerBase.[Tomcat].[localhost].[/] - Initializing Spring DispatcherServlet 'dispatcherServlet'
2024-12-17 21:55:26.704 [RMI TCP Connection(3)-192.168.1.106] INFO  org.springframework.web.servlet.DispatcherServlet - Initializing Servlet 'dispatcherServlet'
2024-12-17 21:55:26.706 [RMI TCP Connection(3)-192.168.1.106] INFO  org.springframework.web.servlet.DispatcherServlet - Completed initialization in 2 ms
2024-12-17 21:55:27.009 [RMI TCP Connection(2)-192.168.1.106] INFO  c.edu.xmu.oomall.product.config.MongoCommandLogger - Command: hello
2024-12-17 21:55:27.009 [RMI TCP Connection(2)-192.168.1.106] INFO  c.edu.xmu.oomall.product.config.MongoCommandLogger - Connection Address: mongo3:27017
2024-12-17 21:55:29.871 [cluster-ClusterId{value='676182c758f3337b27eca75e', description='null'}-mongo1:27017] INFO  org.mongodb.driver.cluster - Rediscovering type of existing primary mongo3:27017
2024-12-17 21:55:29.872 [cluster-ClusterId{value='676182c758f3337b27eca75e', description='null'}-mongo1:27017] INFO  org.mongodb.driver.cluster - Discovered replica set primary mongo1:27017 with max election id 7fffffff0000000000000001 and max set version 1
2024-12-17 21:55:29.966 [cluster-ClusterId{value='676182c758f3337b27eca75e', description='null'}-mongo2:27017] INFO  org.mongodb.driver.cluster - Rediscovering type of existing primary mongo1:27017
2024-12-17 21:55:29.967 [cluster-ClusterId{value='676182c758f3337b27eca75e', description='null'}-mongo2:27017] INFO  org.mongodb.driver.cluster - Discovered replica set primary mongo2:27017 with max election id 7fffffff0000000000000001 and max set version 1
2024-12-17 21:55:29.970 [cluster-ClusterId{value='676182c758f3337b27eca75e', description='null'}-mongo3:27017] INFO  org.mongodb.driver.cluster - Rediscovering type of existing primary mongo2:27017
2024-12-17 21:55:29.971 [cluster-ClusterId{value='676182c758f3337b27eca75e', description='null'}-mongo3:27017] INFO  org.mongodb.driver.cluster - Discovered replica set primary mongo3:27017 with max election id 7fffffff0000000000000001 and max set version 1
2024-12-17 21:55:39.876 [cluster-ClusterId{value='676182c758f3337b27eca75e', description='null'}-mongo1:27017] INFO  org.mongodb.driver.cluster - Rediscovering type of existing primary mongo3:27017
2024-12-17 21:55:39.877 [cluster-ClusterId{value='676182c758f3337b27eca75e', description='null'}-mongo1:27017] INFO  org.mongodb.driver.cluster - Discovered replica set primary mongo1:27017 with max election id 7fffffff0000000000000001 and max set version 1
2024-12-17 21:55:39.976 [cluster-ClusterId{value='676182c758f3337b27eca75e', description='null'}-mongo2:27017] INFO  org.mongodb.driver.cluster - Rediscovering type of existing primary mongo1:27017
2024-12-17 21:55:39.976 [cluster-ClusterId{value='676182c758f3337b27eca75e', description='null'}-mongo2:27017] INFO  org.mongodb.driver.cluster - Discovered replica set primary mongo2:27017 with max election id 7fffffff0000000000000001 and max set version 1
2024-12-17 21:55:39.977 [cluster-ClusterId{value='676182c758f3337b27eca75e', description='null'}-mongo3:27017] INFO  org.mongodb.driver.cluster - Rediscovering type of existing primary mongo2:27017
2024-12-17 21:55:39.978 [cluster-ClusterId{value='676182c758f3337b27eca75e', description='null'}-mongo3:27017] INFO  org.mongodb.driver.cluster - Discovered replica set primary mongo3:27017 with max election id 7fffffff0000000000000001 and max set version 1
2024-12-17 21:55:49.886 [cluster-ClusterId{value='676182c758f3337b27eca75e', description='null'}-mongo1:27017] INFO  org.mongodb.driver.cluster - Rediscovering type of existing primary mongo3:27017
2024-12-17 21:55:49.887 [cluster-ClusterId{value='676182c758f3337b27eca75e', description='null'}-mongo1:27017] INFO  org.mongodb.driver.cluster - Discovered replica set primary mongo1:27017 with max election id 7fffffff0000000000000001 and max set version 1
2024-12-17 21:55:49.984 [cluster-ClusterId{value='676182c758f3337b27eca75e', description='null'}-mongo2:27017] INFO  org.mongodb.driver.cluster - Rediscovering type of existing primary mongo1:27017
2024-12-17 21:55:49.984 [cluster-ClusterId{value='676182c758f3337b27eca75e', description='null'}-mongo2:27017] INFO  org.mongodb.driver.cluster - Discovered replica set primary mongo2:27017 with max election id 7fffffff0000000000000001 and max set version 1
2024-12-17 21:55:49.991 [cluster-ClusterId{value='676182c758f3337b27eca75e', description='null'}-mongo3:27017] INFO  org.mongodb.driver.cluster - Rediscovering type of existing primary mongo2:27017
2024-12-17 21:55:49.992 [cluster-ClusterId{value='676182c758f3337b27eca75e', description='null'}-mongo3:27017] INFO  org.mongodb.driver.cluster - Discovered replica set primary mongo3:27017 with max election id 7fffffff0000000000000001 and max set version 1
2024-12-17 21:55:59.893 [cluster-ClusterId{value='676182c758f3337b27eca75e', description='null'}-mongo1:27017] INFO  org.mongodb.driver.cluster - Rediscovering type of existing primary mongo3:27017
2024-12-17 21:55:59.893 [cluster-ClusterId{value='676182c758f3337b27eca75e', description='null'}-mongo1:27017] INFO  org.mongodb.driver.cluster - Discovered replica set primary mongo1:27017 with max election id 7fffffff0000000000000001 and max set version 1
2024-12-17 21:55:59.991 [cluster-ClusterId{value='676182c758f3337b27eca75e', description='null'}-mongo2:27017] INFO  org.mongodb.driver.cluster - Rediscovering type of existing primary mongo1:27017
2024-12-17 21:55:59.991 [cluster-ClusterId{value='676182c758f3337b27eca75e', description='null'}-mongo2:27017] INFO  org.mongodb.driver.cluster - Discovered replica set primary mongo2:27017 with max election id 7fffffff0000000000000001 and max set version 1
2024-12-17 21:55:59.995 [cluster-ClusterId{value='676182c758f3337b27eca75e', description='null'}-mongo3:27017] INFO  org.mongodb.driver.cluster - Rediscovering type of existing primary mongo2:27017
2024-12-17 21:55:59.995 [cluster-ClusterId{value='676182c758f3337b27eca75e', description='null'}-mongo3:27017] INFO  org.mongodb.driver.cluster - Discovered replica set primary mongo3:27017 with max election id 7fffffff0000000000000001 and max set version 1
2024-12-17 21:56:10.040 [cluster-ClusterId{value='676182c758f3337b27eca75e', description='null'}-mongo1:27017] INFO  org.mongodb.driver.cluster - Rediscovering type of existing primary mongo3:27017
2024-12-17 21:56:10.040 [cluster-ClusterId{value='676182c758f3337b27eca75e', description='null'}-mongo1:27017] INFO  org.mongodb.driver.cluster - Discovered replica set primary mongo1:27017 with max election id 7fffffff0000000000000001 and max set version 1
2024-12-17 21:56:10.041 [cluster-ClusterId{value='676182c758f3337b27eca75e', description='null'}-mongo2:27017] INFO  org.mongodb.driver.cluster - Rediscovering type of existing primary mongo1:27017
2024-12-17 21:56:10.041 [cluster-ClusterId{value='676182c758f3337b27eca75e', description='null'}-mongo2:27017] INFO  org.mongodb.driver.cluster - Discovered replica set primary mongo2:27017 with max election id 7fffffff0000000000000001 and max set version 1
2024-12-17 21:56:10.041 [cluster-ClusterId{value='676182c758f3337b27eca75e', description='null'}-mongo3:27017] INFO  org.mongodb.driver.cluster - Rediscovering type of existing primary mongo2:27017
2024-12-17 21:56:10.041 [cluster-ClusterId{value='676182c758f3337b27eca75e', description='null'}-mongo3:27017] INFO  org.mongodb.driver.cluster - Discovered replica set primary mongo3:27017 with max election id 7fffffff0000000000000001 and max set version 1
2024-12-17 21:56:19.909 [cluster-ClusterId{value='676182c758f3337b27eca75e', description='null'}-mongo1:27017] INFO  org.mongodb.driver.cluster - Rediscovering type of existing primary mongo3:27017
2024-12-17 21:56:19.911 [cluster-ClusterId{value='676182c758f3337b27eca75e', description='null'}-mongo1:27017] INFO  org.mongodb.driver.cluster - Discovered replica set primary mongo1:27017 with max election id 7fffffff0000000000000001 and max set version 1
2024-12-17 21:56:20.008 [cluster-ClusterId{value='676182c758f3337b27eca75e', description='null'}-mongo3:27017] INFO  org.mongodb.driver.cluster - Rediscovering type of existing primary mongo1:27017
2024-12-17 21:56:20.008 [cluster-ClusterId{value='676182c758f3337b27eca75e', description='null'}-mongo3:27017] INFO  org.mongodb.driver.cluster - Discovered replica set primary mongo3:27017 with max election id 7fffffff0000000000000001 and max set version 1
2024-12-17 21:56:20.009 [cluster-ClusterId{value='676182c758f3337b27eca75e', description='null'}-mongo2:27017] INFO  org.mongodb.driver.cluster - Rediscovering type of existing primary mongo3:27017
2024-12-17 21:56:20.009 [cluster-ClusterId{value='676182c758f3337b27eca75e', description='null'}-mongo2:27017] INFO  org.mongodb.driver.cluster - Discovered replica set primary mongo2:27017 with max election id 7fffffff0000000000000001 and max set version 1
2024-12-17 21:56:29.995 [cluster-ClusterId{value='676182c758f3337b27eca75e', description='null'}-mongo1:27017] INFO  org.mongodb.driver.cluster - Rediscovering type of existing primary mongo2:27017
2024-12-17 21:56:29.996 [cluster-ClusterId{value='676182c758f3337b27eca75e', description='null'}-mongo1:27017] INFO  org.mongodb.driver.cluster - Discovered replica set primary mongo1:27017 with max election id 7fffffff0000000000000001 and max set version 1
2024-12-17 21:56:30.013 [cluster-ClusterId{value='676182c758f3337b27eca75e', description='null'}-mongo3:27017] INFO  org.mongodb.driver.cluster - Rediscovering type of existing primary mongo1:27017
2024-12-17 21:56:30.014 [cluster-ClusterId{value='676182c758f3337b27eca75e', description='null'}-mongo3:27017] INFO  org.mongodb.driver.cluster - Discovered replica set primary mongo3:27017 with max election id 7fffffff0000000000000001 and max set version 1
2024-12-17 21:56:30.018 [cluster-ClusterId{value='676182c758f3337b27eca75e', description='null'}-mongo2:27017] INFO  org.mongodb.driver.cluster - Rediscovering type of existing primary mongo3:27017
2024-12-17 21:56:30.018 [cluster-ClusterId{value='676182c758f3337b27eca75e', description='null'}-mongo2:27017] INFO  org.mongodb.driver.cluster - Discovered replica set primary mongo2:27017 with max election id 7fffffff0000000000000001 and max set version 1
2024-12-17 21:56:40.031 [cluster-ClusterId{value='676182c758f3337b27eca75e', description='null'}-mongo3:27017] INFO  org.mongodb.driver.cluster - Rediscovering type of existing primary mongo2:27017
2024-12-17 21:56:40.031 [cluster-ClusterId{value='676182c758f3337b27eca75e', description='null'}-mongo3:27017] INFO  org.mongodb.driver.cluster - Discovered replica set primary mongo3:27017 with max election id 7fffffff0000000000000001 and max set version 1
2024-12-17 21:56:40.032 [cluster-ClusterId{value='676182c758f3337b27eca75e', description='null'}-mongo1:27017] INFO  org.mongodb.driver.cluster - Rediscovering type of existing primary mongo3:27017
2024-12-17 21:56:40.032 [cluster-ClusterId{value='676182c758f3337b27eca75e', description='null'}-mongo1:27017] INFO  org.mongodb.driver.cluster - Discovered replica set primary mongo1:27017 with max election id 7fffffff0000000000000001 and max set version 1
2024-12-17 21:56:50.033 [cluster-ClusterId{value='676182c758f3337b27eca75e', description='null'}-mongo3:27017] INFO  org.mongodb.driver.cluster - Rediscovering type of existing primary mongo1:27017
2024-12-17 21:56:50.033 [cluster-ClusterId{value='676182c758f3337b27eca75e', description='null'}-mongo3:27017] INFO  org.mongodb.driver.cluster - Discovered replica set primary mongo3:27017 with max election id 7fffffff0000000000000001 and max set version 1
2024-12-17 21:56:50.035 [cluster-ClusterId{value='676182c758f3337b27eca75e', description='null'}-mongo2:27017] INFO  org.mongodb.driver.cluster - Rediscovering type of existing primary mongo3:27017
2024-12-17 21:56:50.036 [cluster-ClusterId{value='676182c758f3337b27eca75e', description='null'}-mongo2:27017] INFO  org.mongodb.driver.cluster - Discovered replica set primary mongo2:27017 with max election id 7fffffff0000000000000001 and max set version 1
2024-12-17 21:56:59.984 [cluster-ClusterId{value='676182c758f3337b27eca75e', description='null'}-mongo1:27017] INFO  org.mongodb.driver.cluster - Rediscovering type of existing primary mongo2:27017
2024-12-17 21:56:59.985 [cluster-ClusterId{value='676182c758f3337b27eca75e', description='null'}-mongo1:27017] INFO  org.mongodb.driver.cluster - Discovered replica set primary mongo1:27017 with max election id 7fffffff0000000000000001 and max set version 1
2024-12-17 21:57:00.038 [cluster-ClusterId{value='676182c758f3337b27eca75e', description='null'}-mongo3:27017] INFO  org.mongodb.driver.cluster - Rediscovering type of existing primary mongo1:27017
2024-12-17 21:57:00.038 [cluster-ClusterId{value='676182c758f3337b27eca75e', description='null'}-mongo3:27017] INFO  org.mongodb.driver.cluster - Discovered replica set primary mongo3:27017 with max election id 7fffffff0000000000000001 and max set version 1
2024-12-17 21:57:00.045 [cluster-ClusterId{value='676182c758f3337b27eca75e', description='null'}-mongo2:27017] INFO  org.mongodb.driver.cluster - Rediscovering type of existing primary mongo3:27017
2024-12-17 21:57:00.046 [cluster-ClusterId{value='676182c758f3337b27eca75e', description='null'}-mongo2:27017] INFO  org.mongodb.driver.cluster - Discovered replica set primary mongo2:27017 with max election id 7fffffff0000000000000001 and max set version 1
2024-12-17 21:57:10.027 [cluster-ClusterId{value='676182c758f3337b27eca75e', description='null'}-mongo1:27017] INFO  org.mongodb.driver.cluster - Rediscovering type of existing primary mongo2:27017
2024-12-17 21:57:10.027 [cluster-ClusterId{value='676182c758f3337b27eca75e', description='null'}-mongo1:27017] INFO  org.mongodb.driver.cluster - Discovered replica set primary mongo1:27017 with max election id 7fffffff0000000000000001 and max set version 1
2024-12-17 21:57:10.046 [cluster-ClusterId{value='676182c758f3337b27eca75e', description='null'}-mongo2:27017] INFO  org.mongodb.driver.cluster - Rediscovering type of existing primary mongo1:27017
2024-12-17 21:57:10.047 [cluster-ClusterId{value='676182c758f3337b27eca75e', description='null'}-mongo2:27017] INFO  org.mongodb.driver.cluster - Discovered replica set primary mongo2:27017 with max election id 7fffffff0000000000000001 and max set version 1
2024-12-17 21:57:10.048 [cluster-ClusterId{value='676182c758f3337b27eca75e', description='null'}-mongo3:27017] INFO  org.mongodb.driver.cluster - Rediscovering type of existing primary mongo2:27017
2024-12-17 21:57:10.048 [cluster-ClusterId{value='676182c758f3337b27eca75e', description='null'}-mongo3:27017] INFO  org.mongodb.driver.cluster - Discovered replica set primary mongo3:27017 with max election id 7fffffff0000000000000001 and max set version 1
2024-12-17 21:57:19.956 [cluster-ClusterId{value='676182c758f3337b27eca75e', description='null'}-mongo1:27017] INFO  org.mongodb.driver.cluster - Rediscovering type of existing primary mongo3:27017
2024-12-17 21:57:19.956 [cluster-ClusterId{value='676182c758f3337b27eca75e', description='null'}-mongo1:27017] INFO  org.mongodb.driver.cluster - Discovered replica set primary mongo1:27017 with max election id 7fffffff0000000000000001 and max set version 1
2024-12-17 21:57:20.353 [cluster-ClusterId{value='676182c758f3337b27eca75e', description='null'}-mongo2:27017] INFO  org.mongodb.driver.cluster - Rediscovering type of existing primary mongo1:27017
2024-12-17 21:57:20.353 [cluster-ClusterId{value='676182c758f3337b27eca75e', description='null'}-mongo2:27017] INFO  org.mongodb.driver.cluster - Discovered replica set primary mongo2:27017 with max election id 7fffffff0000000000000001 and max set version 1
2024-12-17 21:57:20.363 [cluster-ClusterId{value='676182c758f3337b27eca75e', description='null'}-mongo3:27017] INFO  org.mongodb.driver.cluster - Rediscovering type of existing primary mongo2:27017
2024-12-17 21:57:20.363 [cluster-ClusterId{value='676182c758f3337b27eca75e', description='null'}-mongo3:27017] INFO  org.mongodb.driver.cluster - Discovered replica set primary mongo3:27017 with max election id 7fffffff0000000000000001 and max set version 1
2024-12-17 21:57:29.966 [cluster-ClusterId{value='676182c758f3337b27eca75e', description='null'}-mongo1:27017] INFO  org.mongodb.driver.cluster - Rediscovering type of existing primary mongo3:27017
2024-12-17 21:57:29.966 [cluster-ClusterId{value='676182c758f3337b27eca75e', description='null'}-mongo1:27017] INFO  org.mongodb.driver.cluster - Discovered replica set primary mongo1:27017 with max election id 7fffffff0000000000000001 and max set version 1
2024-12-17 21:57:30.066 [cluster-ClusterId{value='676182c758f3337b27eca75e', description='null'}-mongo2:27017] INFO  org.mongodb.driver.cluster - Rediscovering type of existing primary mongo1:27017
2024-12-17 21:57:30.067 [cluster-ClusterId{value='676182c758f3337b27eca75e', description='null'}-mongo2:27017] INFO  org.mongodb.driver.cluster - Discovered replica set primary mongo2:27017 with max election id 7fffffff0000000000000001 and max set version 1
2024-12-17 21:57:30.067 [cluster-ClusterId{value='676182c758f3337b27eca75e', description='null'}-mongo3:27017] INFO  org.mongodb.driver.cluster - Rediscovering type of existing primary mongo2:27017
2024-12-17 21:57:30.068 [cluster-ClusterId{value='676182c758f3337b27eca75e', description='null'}-mongo3:27017] INFO  org.mongodb.driver.cluster - Discovered replica set primary mongo3:27017 with max election id 7fffffff0000000000000001 and max set version 1
2024-12-17 21:57:40.063 [cluster-ClusterId{value='676182c758f3337b27eca75e', description='null'}-mongo1:27017] INFO  org.mongodb.driver.cluster - Rediscovering type of existing primary mongo3:27017
2024-12-17 21:57:40.064 [cluster-ClusterId{value='676182c758f3337b27eca75e', description='null'}-mongo1:27017] INFO  org.mongodb.driver.cluster - Discovered replica set primary mongo1:27017 with max election id 7fffffff0000000000000001 and max set version 1
2024-12-17 21:57:40.069 [cluster-ClusterId{value='676182c758f3337b27eca75e', description='null'}-mongo3:27017] INFO  org.mongodb.driver.cluster - Rediscovering type of existing primary mongo1:27017
2024-12-17 21:57:40.069 [cluster-ClusterId{value='676182c758f3337b27eca75e', description='null'}-mongo3:27017] INFO  org.mongodb.driver.cluster - Discovered replica set primary mongo3:27017 with max election id 7fffffff0000000000000001 and max set version 1
2024-12-17 21:57:40.075 [cluster-ClusterId{value='676182c758f3337b27eca75e', description='null'}-mongo2:27017] INFO  org.mongodb.driver.cluster - Rediscovering type of existing primary mongo3:27017
2024-12-17 21:57:40.076 [cluster-ClusterId{value='676182c758f3337b27eca75e', description='null'}-mongo2:27017] INFO  org.mongodb.driver.cluster - Discovered replica set primary mongo2:27017 with max election id 7fffffff0000000000000001 and max set version 1
2024-12-17 21:57:49.978 [cluster-ClusterId{value='676182c758f3337b27eca75e', description='null'}-mongo1:27017] INFO  org.mongodb.driver.cluster - Rediscovering type of existing primary mongo2:27017
2024-12-17 21:57:49.978 [cluster-ClusterId{value='676182c758f3337b27eca75e', description='null'}-mongo1:27017] INFO  org.mongodb.driver.cluster - Discovered replica set primary mongo1:27017 with max election id 7fffffff0000000000000001 and max set version 1
2024-12-17 21:57:50.077 [cluster-ClusterId{value='676182c758f3337b27eca75e', description='null'}-mongo2:27017] INFO  org.mongodb.driver.cluster - Rediscovering type of existing primary mongo1:27017
2024-12-17 21:57:50.077 [cluster-ClusterId{value='676182c758f3337b27eca75e', description='null'}-mongo2:27017] INFO  org.mongodb.driver.cluster - Discovered replica set primary mongo2:27017 with max election id 7fffffff0000000000000001 and max set version 1
2024-12-17 21:57:50.077 [cluster-ClusterId{value='676182c758f3337b27eca75e', description='null'}-mongo3:27017] INFO  org.mongodb.driver.cluster - Rediscovering type of existing primary mongo2:27017
2024-12-17 21:57:50.078 [cluster-ClusterId{value='676182c758f3337b27eca75e', description='null'}-mongo3:27017] INFO  org.mongodb.driver.cluster - Discovered replica set primary mongo3:27017 with max election id 7fffffff0000000000000001 and max set version 1
2024-12-17 21:58:00.093 [cluster-ClusterId{value='676182c758f3337b27eca75e', description='null'}-mongo2:27017] INFO  org.mongodb.driver.cluster - Rediscovering type of existing primary mongo3:27017
2024-12-17 21:58:00.093 [cluster-ClusterId{value='676182c758f3337b27eca75e', description='null'}-mongo2:27017] INFO  org.mongodb.driver.cluster - Discovered replica set primary mongo2:27017 with max election id 7fffffff0000000000000001 and max set version 1
2024-12-17 21:58:00.093 [cluster-ClusterId{value='676182c758f3337b27eca75e', description='null'}-mongo3:27017] INFO  org.mongodb.driver.cluster - Rediscovering type of existing primary mongo2:27017
2024-12-17 21:58:00.093 [cluster-ClusterId{value='676182c758f3337b27eca75e', description='null'}-mongo3:27017] INFO  org.mongodb.driver.cluster - Discovered replica set primary mongo3:27017 with max election id 7fffffff0000000000000001 and max set version 1
2024-12-17 21:58:00.093 [cluster-ClusterId{value='676182c758f3337b27eca75e', description='null'}-mongo1:27017] INFO  org.mongodb.driver.cluster - Rediscovering type of existing primary mongo3:27017
2024-12-17 21:58:00.094 [cluster-ClusterId{value='676182c758f3337b27eca75e', description='null'}-mongo1:27017] INFO  org.mongodb.driver.cluster - Discovered replica set primary mongo1:27017 with max election id 7fffffff0000000000000001 and max set version 1
2024-12-17 21:58:10.083 [cluster-ClusterId{value='676182c758f3337b27eca75e', description='null'}-mongo2:27017] INFO  org.mongodb.driver.cluster - Rediscovering type of existing primary mongo1:27017
2024-12-17 21:58:10.083 [cluster-ClusterId{value='676182c758f3337b27eca75e', description='null'}-mongo2:27017] INFO  org.mongodb.driver.cluster - Discovered replica set primary mongo2:27017 with max election id 7fffffff0000000000000001 and max set version 1
2024-12-17 21:58:10.094 [cluster-ClusterId{value='676182c758f3337b27eca75e', description='null'}-mongo3:27017] INFO  org.mongodb.driver.cluster - Rediscovering type of existing primary mongo2:27017
2024-12-17 21:58:10.095 [cluster-ClusterId{value='676182c758f3337b27eca75e', description='null'}-mongo3:27017] INFO  org.mongodb.driver.cluster - Discovered replica set primary mongo3:27017 with max election id 7fffffff0000000000000001 and max set version 1
2024-12-17 21:58:19.999 [cluster-ClusterId{value='676182c758f3337b27eca75e', description='null'}-mongo1:27017] INFO  org.mongodb.driver.cluster - Rediscovering type of existing primary mongo3:27017
2024-12-17 21:58:19.999 [cluster-ClusterId{value='676182c758f3337b27eca75e', description='null'}-mongo1:27017] INFO  org.mongodb.driver.cluster - Discovered replica set primary mongo1:27017 with max election id 7fffffff0000000000000001 and max set version 1
2024-12-17 21:58:20.083 [cluster-ClusterId{value='676182c758f3337b27eca75e', description='null'}-mongo2:27017] INFO  org.mongodb.driver.cluster - Rediscovering type of existing primary mongo1:27017
2024-12-17 21:58:20.083 [cluster-ClusterId{value='676182c758f3337b27eca75e', description='null'}-mongo2:27017] INFO  org.mongodb.driver.cluster - Discovered replica set primary mongo2:27017 with max election id 7fffffff0000000000000001 and max set version 1
2024-12-17 21:58:20.104 [cluster-ClusterId{value='676182c758f3337b27eca75e', description='null'}-mongo3:27017] INFO  org.mongodb.driver.cluster - Rediscovering type of existing primary mongo2:27017
2024-12-17 21:58:20.104 [cluster-ClusterId{value='676182c758f3337b27eca75e', description='null'}-mongo3:27017] INFO  org.mongodb.driver.cluster - Discovered replica set primary mongo3:27017 with max election id 7fffffff0000000000000001 and max set version 1
2024-12-17 21:58:30.102 [cluster-ClusterId{value='676182c758f3337b27eca75e', description='null'}-mongo2:27017] INFO  org.mongodb.driver.cluster - Rediscovering type of existing primary mongo3:27017
2024-12-17 21:58:30.102 [cluster-ClusterId{value='676182c758f3337b27eca75e', description='null'}-mongo2:27017] INFO  org.mongodb.driver.cluster - Discovered replica set primary mongo2:27017 with max election id 7fffffff0000000000000001 and max set version 1
2024-12-17 21:58:30.102 [cluster-ClusterId{value='676182c758f3337b27eca75e', description='null'}-mongo1:27017] INFO  org.mongodb.driver.cluster - Rediscovering type of existing primary mongo2:27017
2024-12-17 21:58:30.102 [cluster-ClusterId{value='676182c758f3337b27eca75e', description='null'}-mongo1:27017] INFO  org.mongodb.driver.cluster - Discovered replica set primary mongo1:27017 with max election id 7fffffff0000000000000001 and max set version 1
2024-12-17 21:58:30.112 [cluster-ClusterId{value='676182c758f3337b27eca75e', description='null'}-mongo3:27017] INFO  org.mongodb.driver.cluster - Rediscovering type of existing primary mongo1:27017
2024-12-17 21:58:30.114 [cluster-ClusterId{value='676182c758f3337b27eca75e', description='null'}-mongo3:27017] INFO  org.mongodb.driver.cluster - Discovered replica set primary mongo3:27017 with max election id 7fffffff0000000000000001 and max set version 1
2024-12-17 21:58:40.132 [cluster-ClusterId{value='676182c758f3337b27eca75e', description='null'}-mongo2:27017] INFO  org.mongodb.driver.cluster - Rediscovering type of existing primary mongo3:27017
2024-12-17 21:58:40.132 [cluster-ClusterId{value='676182c758f3337b27eca75e', description='null'}-mongo2:27017] INFO  org.mongodb.driver.cluster - Discovered replica set primary mongo2:27017 with max election id 7fffffff0000000000000001 and max set version 1
2024-12-17 21:58:40.132 [cluster-ClusterId{value='676182c758f3337b27eca75e', description='null'}-mongo1:27017] INFO  org.mongodb.driver.cluster - Rediscovering type of existing primary mongo2:27017
2024-12-17 21:58:40.132 [cluster-ClusterId{value='676182c758f3337b27eca75e', description='null'}-mongo1:27017] INFO  org.mongodb.driver.cluster - Discovered replica set primary mongo1:27017 with max election id 7fffffff0000000000000001 and max set version 1
2024-12-17 21:58:40.132 [cluster-ClusterId{value='676182c758f3337b27eca75e', description='null'}-mongo3:27017] INFO  org.mongodb.driver.cluster - Rediscovering type of existing primary mongo1:27017
2024-12-17 21:58:40.132 [cluster-ClusterId{value='676182c758f3337b27eca75e', description='null'}-mongo3:27017] INFO  org.mongodb.driver.cluster - Discovered replica set primary mongo3:27017 with max election id 7fffffff0000000000000001 and max set version 1
2024-12-17 21:58:50.060 [cluster-ClusterId{value='676182c758f3337b27eca75e', description='null'}-mongo1:27017] INFO  org.mongodb.driver.cluster - Rediscovering type of existing primary mongo3:27017
2024-12-17 21:58:50.060 [cluster-ClusterId{value='676182c758f3337b27eca75e', description='null'}-mongo1:27017] INFO  org.mongodb.driver.cluster - Discovered replica set primary mongo1:27017 with max election id 7fffffff0000000000000001 and max set version 1
2024-12-17 21:58:50.092 [cluster-ClusterId{value='676182c758f3337b27eca75e', description='null'}-mongo2:27017] INFO  org.mongodb.driver.cluster - Rediscovering type of existing primary mongo1:27017
2024-12-17 21:58:50.092 [cluster-ClusterId{value='676182c758f3337b27eca75e', description='null'}-mongo2:27017] INFO  org.mongodb.driver.cluster - Discovered replica set primary mongo2:27017 with max election id 7fffffff0000000000000001 and max set version 1
2024-12-17 21:58:50.123 [cluster-ClusterId{value='676182c758f3337b27eca75e', description='null'}-mongo3:27017] INFO  org.mongodb.driver.cluster - Rediscovering type of existing primary mongo2:27017
2024-12-17 21:58:50.123 [cluster-ClusterId{value='676182c758f3337b27eca75e', description='null'}-mongo3:27017] INFO  org.mongodb.driver.cluster - Discovered replica set primary mongo3:27017 with max election id 7fffffff0000000000000001 and max set version 1
2024-12-17 21:59:00.029 [cluster-ClusterId{value='676182c758f3337b27eca75e', description='null'}-mongo1:27017] INFO  org.mongodb.driver.cluster - Rediscovering type of existing primary mongo3:27017
2024-12-17 21:59:00.030 [cluster-ClusterId{value='676182c758f3337b27eca75e', description='null'}-mongo1:27017] INFO  org.mongodb.driver.cluster - Discovered replica set primary mongo1:27017 with max election id 7fffffff0000000000000001 and max set version 1
2024-12-17 21:59:00.107 [cluster-ClusterId{value='676182c758f3337b27eca75e', description='null'}-mongo2:27017] INFO  org.mongodb.driver.cluster - Rediscovering type of existing primary mongo1:27017
2024-12-17 21:59:00.107 [cluster-ClusterId{value='676182c758f3337b27eca75e', description='null'}-mongo2:27017] INFO  org.mongodb.driver.cluster - Discovered replica set primary mongo2:27017 with max election id 7fffffff0000000000000001 and max set version 1
2024-12-17 21:59:00.124 [cluster-ClusterId{value='676182c758f3337b27eca75e', description='null'}-mongo3:27017] INFO  org.mongodb.driver.cluster - Rediscovering type of existing primary mongo2:27017
2024-12-17 21:59:00.124 [cluster-ClusterId{value='676182c758f3337b27eca75e', description='null'}-mongo3:27017] INFO  org.mongodb.driver.cluster - Discovered replica set primary mongo3:27017 with max election id 7fffffff0000000000000001 and max set version 1
2024-12-17 21:59:10.134 [cluster-ClusterId{value='676182c758f3337b27eca75e', description='null'}-mongo2:27017] INFO  org.mongodb.driver.cluster - Rediscovering type of existing primary mongo3:27017
2024-12-17 21:59:10.135 [cluster-ClusterId{value='676182c758f3337b27eca75e', description='null'}-mongo2:27017] INFO  org.mongodb.driver.cluster - Discovered replica set primary mongo2:27017 with max election id 7fffffff0000000000000001 and max set version 1
2024-12-17 21:59:10.135 [cluster-ClusterId{value='676182c758f3337b27eca75e', description='null'}-mongo1:27017] INFO  org.mongodb.driver.cluster - Rediscovering type of existing primary mongo2:27017
2024-12-17 21:59:10.135 [cluster-ClusterId{value='676182c758f3337b27eca75e', description='null'}-mongo1:27017] INFO  org.mongodb.driver.cluster - Discovered replica set primary mongo1:27017 with max election id 7fffffff0000000000000001 and max set version 1
2024-12-17 21:59:10.135 [cluster-ClusterId{value='676182c758f3337b27eca75e', description='null'}-mongo3:27017] INFO  org.mongodb.driver.cluster - Rediscovering type of existing primary mongo1:27017
2024-12-17 21:59:10.135 [cluster-ClusterId{value='676182c758f3337b27eca75e', description='null'}-mongo3:27017] INFO  org.mongodb.driver.cluster - Discovered replica set primary mongo3:27017 with max election id 7fffffff0000000000000001 and max set version 1
2024-12-17 21:59:20.033 [cluster-ClusterId{value='676182c758f3337b27eca75e', description='null'}-mongo1:27017] INFO  org.mongodb.driver.cluster - Rediscovering type of existing primary mongo3:27017
2024-12-17 21:59:20.033 [cluster-ClusterId{value='676182c758f3337b27eca75e', description='null'}-mongo1:27017] INFO  org.mongodb.driver.cluster - Discovered replica set primary mongo1:27017 with max election id 7fffffff0000000000000001 and max set version 1
2024-12-17 21:59:20.111 [cluster-ClusterId{value='676182c758f3337b27eca75e', description='null'}-mongo2:27017] INFO  org.mongodb.driver.cluster - Rediscovering type of existing primary mongo1:27017
2024-12-17 21:59:20.111 [cluster-ClusterId{value='676182c758f3337b27eca75e', description='null'}-mongo2:27017] INFO  org.mongodb.driver.cluster - Discovered replica set primary mongo2:27017 with max election id 7fffffff0000000000000001 and max set version 1
2024-12-17 21:59:20.143 [cluster-ClusterId{value='676182c758f3337b27eca75e', description='null'}-mongo3:27017] INFO  org.mongodb.driver.cluster - Rediscovering type of existing primary mongo2:27017
2024-12-17 21:59:20.165 [cluster-ClusterId{value='676182c758f3337b27eca75e', description='null'}-mongo3:27017] INFO  org.mongodb.driver.cluster - Discovered replica set primary mongo3:27017 with max election id 7fffffff0000000000000001 and max set version 1
2024-12-17 21:59:30.123 [cluster-ClusterId{value='676182c758f3337b27eca75e', description='null'}-mongo1:27017] INFO  org.mongodb.driver.cluster - Rediscovering type of existing primary mongo3:27017
2024-12-17 21:59:30.123 [cluster-ClusterId{value='676182c758f3337b27eca75e', description='null'}-mongo1:27017] INFO  org.mongodb.driver.cluster - Discovered replica set primary mongo1:27017 with max election id 7fffffff0000000000000001 and max set version 1
2024-12-17 21:59:30.123 [cluster-ClusterId{value='676182c758f3337b27eca75e', description='null'}-mongo2:27017] INFO  org.mongodb.driver.cluster - Rediscovering type of existing primary mongo1:27017
2024-12-17 21:59:30.123 [cluster-ClusterId{value='676182c758f3337b27eca75e', description='null'}-mongo2:27017] INFO  org.mongodb.driver.cluster - Discovered replica set primary mongo2:27017 with max election id 7fffffff0000000000000001 and max set version 1
2024-12-17 21:59:30.138 [cluster-ClusterId{value='676182c758f3337b27eca75e', description='null'}-mongo3:27017] INFO  org.mongodb.driver.cluster - Rediscovering type of existing primary mongo2:27017
2024-12-17 21:59:30.138 [cluster-ClusterId{value='676182c758f3337b27eca75e', description='null'}-mongo3:27017] INFO  org.mongodb.driver.cluster - Discovered replica set primary mongo3:27017 with max election id 7fffffff0000000000000001 and max set version 1
2024-12-17 21:59:40.136 [cluster-ClusterId{value='676182c758f3337b27eca75e', description='null'}-mongo1:27017] INFO  org.mongodb.driver.cluster - Rediscovering type of existing primary mongo3:27017
2024-12-17 21:59:40.136 [cluster-ClusterId{value='676182c758f3337b27eca75e', description='null'}-mongo1:27017] INFO  org.mongodb.driver.cluster - Discovered replica set primary mongo1:27017 with max election id 7fffffff0000000000000001 and max set version 1
2024-12-17 21:59:40.136 [cluster-ClusterId{value='676182c758f3337b27eca75e', description='null'}-mongo2:27017] INFO  org.mongodb.driver.cluster - Rediscovering type of existing primary mongo1:27017
2024-12-17 21:59:40.136 [cluster-ClusterId{value='676182c758f3337b27eca75e', description='null'}-mongo2:27017] INFO  org.mongodb.driver.cluster - Discovered replica set primary mongo2:27017 with max election id 7fffffff0000000000000001 and max set version 1
2024-12-17 21:59:50.065 [cluster-ClusterId{value='676182c758f3337b27eca75e', description='null'}-mongo1:27017] INFO  org.mongodb.driver.cluster - Rediscovering type of existing primary mongo2:27017
2024-12-17 21:59:50.065 [cluster-ClusterId{value='676182c758f3337b27eca75e', description='null'}-mongo1:27017] INFO  org.mongodb.driver.cluster - Discovered replica set primary mongo1:27017 with max election id 7fffffff0000000000000001 and max set version 1
2024-12-17 21:59:50.143 [cluster-ClusterId{value='676182c758f3337b27eca75e', description='null'}-mongo2:27017] INFO  org.mongodb.driver.cluster - Rediscovering type of existing primary mongo1:27017
2024-12-17 21:59:50.143 [cluster-ClusterId{value='676182c758f3337b27eca75e', description='null'}-mongo2:27017] INFO  org.mongodb.driver.cluster - Discovered replica set primary mongo2:27017 with max election id 7fffffff0000000000000001 and max set version 1
2024-12-17 21:59:50.143 [cluster-ClusterId{value='676182c758f3337b27eca75e', description='null'}-mongo3:27017] INFO  org.mongodb.driver.cluster - Rediscovering type of existing primary mongo2:27017
2024-12-17 21:59:50.143 [cluster-ClusterId{value='676182c758f3337b27eca75e', description='null'}-mongo3:27017] INFO  org.mongodb.driver.cluster - Discovered replica set primary mongo3:27017 with max election id 7fffffff0000000000000001 and max set version 1
2024-12-17 22:00:00.070 [cluster-ClusterId{value='676182c758f3337b27eca75e', description='null'}-mongo1:27017] INFO  org.mongodb.driver.cluster - Rediscovering type of existing primary mongo3:27017
2024-12-17 22:00:00.070 [cluster-ClusterId{value='676182c758f3337b27eca75e', description='null'}-mongo1:27017] INFO  org.mongodb.driver.cluster - Discovered replica set primary mongo1:27017 with max election id 7fffffff0000000000000001 and max set version 1
2024-12-17 22:00:00.154 [cluster-ClusterId{value='676182c758f3337b27eca75e', description='null'}-mongo2:27017] INFO  org.mongodb.driver.cluster - Rediscovering type of existing primary mongo1:27017
2024-12-17 22:00:00.154 [cluster-ClusterId{value='676182c758f3337b27eca75e', description='null'}-mongo2:27017] INFO  org.mongodb.driver.cluster - Discovered replica set primary mongo2:27017 with max election id 7fffffff0000000000000001 and max set version 1
2024-12-17 22:00:00.154 [cluster-ClusterId{value='676182c758f3337b27eca75e', description='null'}-mongo3:27017] INFO  org.mongodb.driver.cluster - Rediscovering type of existing primary mongo2:27017
2024-12-17 22:00:00.154 [cluster-ClusterId{value='676182c758f3337b27eca75e', description='null'}-mongo3:27017] INFO  org.mongodb.driver.cluster - Discovered replica set primary mongo3:27017 with max election id 7fffffff0000000000000001 and max set version 1
2024-12-17 22:00:10.139 [cluster-ClusterId{value='676182c758f3337b27eca75e', description='null'}-mongo1:27017] INFO  org.mongodb.driver.cluster - Rediscovering type of existing primary mongo3:27017
2024-12-17 22:00:10.140 [cluster-ClusterId{value='676182c758f3337b27eca75e', description='null'}-mongo1:27017] INFO  org.mongodb.driver.cluster - Discovered replica set primary mongo1:27017 with max election id 7fffffff0000000000000001 and max set version 1
2024-12-17 22:00:10.163 [cluster-ClusterId{value='676182c758f3337b27eca75e', description='null'}-mongo3:27017] INFO  org.mongodb.driver.cluster - Rediscovering type of existing primary mongo1:27017
2024-12-17 22:00:10.164 [cluster-ClusterId{value='676182c758f3337b27eca75e', description='null'}-mongo3:27017] INFO  org.mongodb.driver.cluster - Discovered replica set primary mongo3:27017 with max election id 7fffffff0000000000000001 and max set version 1
2024-12-17 22:00:10.166 [cluster-ClusterId{value='676182c758f3337b27eca75e', description='null'}-mongo2:27017] INFO  org.mongodb.driver.cluster - Rediscovering type of existing primary mongo3:27017
2024-12-17 22:00:10.166 [cluster-ClusterId{value='676182c758f3337b27eca75e', description='null'}-mongo2:27017] INFO  org.mongodb.driver.cluster - Discovered replica set primary mongo2:27017 with max election id 7fffffff0000000000000001 and max set version 1
2024-12-17 22:00:20.191 [cluster-ClusterId{value='676182c758f3337b27eca75e', description='null'}-mongo1:27017] INFO  org.mongodb.driver.cluster - Rediscovering type of existing primary mongo2:27017
2024-12-17 22:00:20.191 [cluster-ClusterId{value='676182c758f3337b27eca75e', description='null'}-mongo1:27017] INFO  org.mongodb.driver.cluster - Discovered replica set primary mongo1:27017 with max election id 7fffffff0000000000000001 and max set version 1
2024-12-17 22:00:20.191 [cluster-ClusterId{value='676182c758f3337b27eca75e', description='null'}-mongo2:27017] INFO  org.mongodb.driver.cluster - Rediscovering type of existing primary mongo1:27017
2024-12-17 22:00:20.192 [cluster-ClusterId{value='676182c758f3337b27eca75e', description='null'}-mongo2:27017] INFO  org.mongodb.driver.cluster - Discovered replica set primary mongo2:27017 with max election id 7fffffff0000000000000001 and max set version 1
2024-12-17 22:00:20.192 [cluster-ClusterId{value='676182c758f3337b27eca75e', description='null'}-mongo3:27017] INFO  org.mongodb.driver.cluster - Rediscovering type of existing primary mongo2:27017
2024-12-17 22:00:20.192 [cluster-ClusterId{value='676182c758f3337b27eca75e', description='null'}-mongo3:27017] INFO  org.mongodb.driver.cluster - Discovered replica set primary mongo3:27017 with max election id 7fffffff0000000000000001 and max set version 1
2024-12-17 22:00:22.783 [Thread-3] WARN  c.alibaba.nacos.common.http.HttpClientBeanHolder - [HttpClientBeanHolder] Start destroying common HttpClient
2024-12-17 22:00:22.783 [Thread-5] WARN  com.alibaba.nacos.common.notify.NotifyCenter - [NotifyCenter] Start destroying Publisher
2024-12-17 22:00:22.784 [Thread-5] WARN  com.alibaba.nacos.common.notify.NotifyCenter - [NotifyCenter] Destruction of the end
2024-12-17 22:00:22.784 [Thread-3] WARN  c.alibaba.nacos.common.http.HttpClientBeanHolder - [HttpClientBeanHolder] Destruction of the end
2024-12-17 22:00:23.208 [SpringApplicationShutdownHook] INFO  c.a.cloud.nacos.registry.NacosServiceRegistry - De-registering from Nacos Server now...
2024-12-17 22:00:23.211 [SpringApplicationShutdownHook] INFO  com.alibaba.nacos.client.naming - [DEREGISTER-SERVICE] public deregistering service product-service with instance: Instance{instanceId='null', ip='192.168.1.106', port=8080, weight=1.0, healthy=true, enabled=true, ephemeral=true, clusterName='', serviceName='null', metadata={}}
2024-12-17 22:00:23.261 [SpringApplicationShutdownHook] INFO  c.a.cloud.nacos.registry.NacosServiceRegistry - De-registration finished.
2024-12-17 22:00:23.262 [SpringApplicationShutdownHook] INFO  com.alibaba.nacos.client.naming - com.alibaba.nacos.client.naming.cache.ServiceInfoHolder do shutdown begin
2024-12-17 22:00:23.262 [SpringApplicationShutdownHook] INFO  com.alibaba.nacos.client.naming - com.alibaba.nacos.client.naming.backups.FailoverReactor do shutdown begin
2024-12-17 22:00:23.262 [SpringApplicationShutdownHook] INFO  com.alibaba.nacos.client.naming - com.alibaba.nacos.client.naming.backups.FailoverReactor do shutdown stop
2024-12-17 22:00:23.262 [SpringApplicationShutdownHook] INFO  com.alibaba.nacos.client.naming - com.alibaba.nacos.client.naming.cache.ServiceInfoHolder do shutdown stop
2024-12-17 22:00:23.262 [SpringApplicationShutdownHook] INFO  com.alibaba.nacos.client.naming - com.alibaba.nacos.client.naming.remote.NamingClientProxyDelegate do shutdown begin
2024-12-17 22:00:23.262 [SpringApplicationShutdownHook] INFO  com.alibaba.nacos.client.naming - com.alibaba.nacos.client.naming.core.ServiceInfoUpdateService do shutdown begin
2024-12-17 22:00:23.262 [SpringApplicationShutdownHook] INFO  com.alibaba.nacos.client.naming - com.alibaba.nacos.client.naming.core.ServiceInfoUpdateService do shutdown stop
2024-12-17 22:00:23.262 [SpringApplicationShutdownHook] INFO  com.alibaba.nacos.client.naming - com.alibaba.nacos.client.naming.core.ServerListManager do shutdown begin
2024-12-17 22:00:23.262 [SpringApplicationShutdownHook] WARN  com.alibaba.nacos.client.naming - [NamingHttpClientManager] Start destroying NacosRestTemplate
2024-12-17 22:00:23.262 [SpringApplicationShutdownHook] WARN  com.alibaba.nacos.client.naming - [NamingHttpClientManager] Destruction of the end
2024-12-17 22:00:23.262 [SpringApplicationShutdownHook] INFO  com.alibaba.nacos.client.naming - com.alibaba.nacos.client.naming.core.ServerListManager do shutdown stop
2024-12-17 22:00:23.262 [SpringApplicationShutdownHook] INFO  com.alibaba.nacos.client.naming - com.alibaba.nacos.client.naming.remote.http.NamingHttpClientProxy do shutdown begin
2024-12-17 22:00:23.262 [SpringApplicationShutdownHook] WARN  com.alibaba.nacos.client.naming - [NamingHttpClientManager] Start destroying NacosRestTemplate
2024-12-17 22:00:23.262 [SpringApplicationShutdownHook] WARN  com.alibaba.nacos.client.naming - [NamingHttpClientManager] Destruction of the end
2024-12-17 22:00:23.262 [SpringApplicationShutdownHook] INFO  com.alibaba.nacos.client.naming - com.alibaba.nacos.client.naming.remote.http.NamingHttpClientProxy do shutdown stop
2024-12-17 22:00:23.262 [SpringApplicationShutdownHook] INFO  com.alibaba.nacos.client.naming - Shutdown naming grpc client proxy for  uuid->ac8e662a-8dd6-4d11-ae08-c327dbfa7c70
2024-12-17 22:00:23.262 [SpringApplicationShutdownHook] INFO  com.alibaba.nacos.client.naming - Shutdown grpc redo service executor java.util.concurrent.ScheduledThreadPoolExecutor@725a34d3[Running, pool size = 1, active threads = 0, queued tasks = 1, completed tasks = 99]
2024-12-17 22:00:23.262 [SpringApplicationShutdownHook] INFO  com.alibaba.nacos.common.remote.client - Shutdown rpc client, set status to shutdown
2024-12-17 22:00:23.263 [SpringApplicationShutdownHook] INFO  com.alibaba.nacos.common.remote.client - Shutdown client event executor java.util.concurrent.ScheduledThreadPoolExecutor@10347b41[Running, pool size = 2, active threads = 2, queued tasks = 0, completed tasks = 0]
2024-12-17 22:00:23.263 [SpringApplicationShutdownHook] INFO  com.alibaba.nacos.common.remote.client - Close current connection 1734443726402_10.0.0.4_53818
2024-12-17 22:00:23.268 [SpringApplicationShutdownHook] INFO  c.a.nacos.common.remote.client.grpc.GrpcClient - Shutdown grpc executor java.util.concurrent.ThreadPoolExecutor@4026a054[Running, pool size = 4, active threads = 0, queued tasks = 0, completed tasks = 66]
2024-12-17 22:00:23.268 [SpringApplicationShutdownHook] INFO  com.alibaba.nacos.client.naming - shutdown and remove naming rpc client  for uuid ->ac8e662a-8dd6-4d11-ae08-c327dbfa7c70
2024-12-17 22:00:23.268 [SpringApplicationShutdownHook] INFO  c.a.n.client.auth.ram.identify.CredentialWatcher - [null] CredentialWatcher is stopped
2024-12-17 22:00:23.268 [SpringApplicationShutdownHook] INFO  c.a.n.client.auth.ram.identify.CredentialService - [null] CredentialService is freed
2024-12-17 22:00:23.268 [SpringApplicationShutdownHook] INFO  com.alibaba.nacos.client.naming - com.alibaba.nacos.client.naming.remote.NamingClientProxyDelegate do shutdown stop
2024-12-17 22:00:23.788 [com.alibaba.nacos.client.Worker.11] INFO  c.a.n.client.auth.ram.identify.CredentialWatcher - null No credential found
2024-12-17 22:00:25.634 [SpringApplicationShutdownHook] INFO  o.s.orm.jpa.LocalContainerEntityManagerFactoryBean - Closing JPA EntityManagerFactory for persistence unit 'default'
2024-12-17 22:00:25.637 [SpringApplicationShutdownHook] INFO  com.alibaba.druid.pool.DruidDataSource - {dataSource-1} closing ...
2024-12-17 22:00:25.642 [SpringApplicationShutdownHook] INFO  com.alibaba.druid.pool.DruidDataSource - {dataSource-1} closed
