2024-12-19 11:55:19.649 [background-preinit] INFO  org.hibernate.validator.internal.util.Version - HV000001: Hibernate Validator 8.0.1.Final
2024-12-19 11:55:20.680 [main] INFO  com.alibaba.nacos.client.utils.ParamUtil - [settings] [req-serv] nacos-server port:8848
2024-12-19 11:55:20.680 [main] INFO  com.alibaba.nacos.client.utils.ParamUtil - [settings] [http-client] connect timeout:1000
2024-12-19 11:55:20.682 [main] INFO  com.alibaba.nacos.client.utils.ParamUtil - PER_TASK_CONFIG_SIZE: 3000.0
2024-12-19 11:55:20.685 [Thread-2] INFO  c.a.n.client.auth.ram.identify.CredentialWatcher - null No credential found
2024-12-19 11:55:20.720 [main] INFO  com.alibaba.nacos.common.labels - DefaultLabelsCollectorManager get labels.....
2024-12-19 11:55:20.722 [main] INFO  com.alibaba.nacos.common.labels - Process LabelsCollector with [name:defaultNacosLabelsCollector]
2024-12-19 11:55:20.722 [main] INFO  com.alibaba.nacos.common.labels - default nacos collect properties raw labels: null
2024-12-19 11:55:20.724 [main] INFO  com.alibaba.nacos.common.labels - default nacos collect properties labels: {}
2024-12-19 11:55:20.724 [main] INFO  com.alibaba.nacos.common.labels - default nacos collect jvm raw labels: null
2024-12-19 11:55:20.724 [main] INFO  com.alibaba.nacos.common.labels - default nacos collect jvm labels: {}
2024-12-19 11:55:20.724 [main] INFO  com.alibaba.nacos.common.labels - default nacos collect env raw labels: null
2024-12-19 11:55:20.724 [main] INFO  com.alibaba.nacos.common.labels - default nacos collect env labels: {}
2024-12-19 11:55:20.724 [main] INFO  com.alibaba.nacos.common.labels - DefaultLabelsCollectorManager get labels finished,labels :{}
2024-12-19 11:55:20.738 [main] INFO  c.a.n.p.auth.spi.client.ClientAuthPluginManager - [ClientAuthPluginManager] Load ClientAuthService com.alibaba.nacos.client.auth.impl.NacosClientAuthServiceImpl success.
2024-12-19 11:55:20.738 [main] INFO  c.a.n.p.auth.spi.client.ClientAuthPluginManager - [ClientAuthPluginManager] Load ClientAuthService com.alibaba.nacos.client.auth.ram.RamClientAuthServiceImpl success.
2024-12-19 11:55:20.748 [main] INFO  c.a.n.client.config.impl.LocalConfigInfoProcessor - LOCAL_SNAPSHOT_PATH:C:\Users\chen\nacos\config
2024-12-19 11:55:20.754 [main] INFO  com.alibaba.nacos.common.remote.client - [RpcClientFactory] create a new rpc client of dc3f0c80-0f71-45c4-804b-c054ba70f51f_config-0
2024-12-19 11:55:20.791 [main] INFO  com.alibaba.nacos.common.remote.client - [dc3f0c80-0f71-45c4-804b-c054ba70f51f_config-0] Register server push request handler:com.alibaba.nacos.client.config.impl.ClientWorker$ConfigRpcTransportClient$$Lambda$635/0x000001bb813b96c8
2024-12-19 11:55:20.791 [main] INFO  com.alibaba.nacos.common.remote.client - [dc3f0c80-0f71-45c4-804b-c054ba70f51f_config-0] Register server push request handler:com.alibaba.nacos.client.config.impl.ClientWorker$ConfigRpcTransportClient$$Lambda$636/0x000001bb813b9ae8
2024-12-19 11:55:20.791 [main] INFO  com.alibaba.nacos.common.remote.client - [dc3f0c80-0f71-45c4-804b-c054ba70f51f_config-0] Registry connection listener to current client:com.alibaba.nacos.client.config.impl.ClientWorker$ConfigRpcTransportClient$1
2024-12-19 11:55:20.793 [main] INFO  com.alibaba.nacos.common.remote.client - [dc3f0c80-0f71-45c4-804b-c054ba70f51f_config-0] RpcClient init, ServerListFactory = com.alibaba.nacos.client.config.impl.ClientWorker$ConfigRpcTransportClient$2
2024-12-19 11:55:20.801 [main] INFO  com.alibaba.nacos.common.remote.client - [dc3f0c80-0f71-45c4-804b-c054ba70f51f_config-0] Try to connect to server on start up, server: {serverIp = 'nacos', server main port = 8848}
2024-12-19 11:55:20.855 [main] INFO  c.a.nacos.common.remote.client.grpc.GrpcClient - grpc client connection server:nacos ip,serverPort:9848,grpcTslConfig:{"sslProvider":"","enableTls":false,"mutualAuthEnable":false,"trustAll":false}
2024-12-19 11:55:22.174 [main] INFO  c.a.n.common.ability.AbstractAbilityControlManager - Ready to get current node abilities...
2024-12-19 11:55:22.174 [main] INFO  c.a.n.common.ability.AbstractAbilityControlManager - Ready to initialize current node abilities, support modes: [SDK_CLIENT]
2024-12-19 11:55:22.176 [main] INFO  c.a.n.common.ability.AbstractAbilityControlManager - Initialize current abilities finish...
2024-12-19 11:55:22.176 [main] INFO  c.a.n.c.ability.discover.NacosAbilityManagerHolder - [AbilityControlManager] Successfully initialize AbilityControlManager
2024-12-19 11:55:22.254 [main] INFO  com.alibaba.nacos.common.remote.client - [dc3f0c80-0f71-45c4-804b-c054ba70f51f_config-0] Success to connect to server [nacos:8848] on start up, connectionId = 1734580521566_10.0.0.4_62450
2024-12-19 11:55:22.254 [com.alibaba.nacos.client.remote.worker.0] INFO  com.alibaba.nacos.common.remote.client - [dc3f0c80-0f71-45c4-804b-c054ba70f51f_config-0] Notify connected event to listeners.
2024-12-19 11:55:22.254 [com.alibaba.nacos.client.remote.worker.0] INFO  com.alibaba.nacos.client.config.impl.ClientWorker - [dc3f0c80-0f71-45c4-804b-c054ba70f51f_config-0] Connected,notify listen context...
2024-12-19 11:55:22.254 [main] INFO  com.alibaba.nacos.common.remote.client - [dc3f0c80-0f71-45c4-804b-c054ba70f51f_config-0] Register server push request handler:com.alibaba.nacos.common.remote.client.RpcClient$ConnectResetRequestHandler
2024-12-19 11:55:22.254 [main] INFO  com.alibaba.nacos.common.remote.client - [dc3f0c80-0f71-45c4-804b-c054ba70f51f_config-0] Register server push request handler:com.alibaba.nacos.common.remote.client.RpcClient$$Lambda$655/0x000001bb815028b0
2024-12-19 11:55:22.321 [main] INFO  com.alibaba.nacos.client.config.impl.Limiter - limitTime:5.0
2024-12-19 11:55:22.389 [main] WARN  c.a.cloud.nacos.client.NacosPropertySourceBuilder - Ignore the empty nacos configuration and get it based on dataId[region-service] & group[DEFAULT_GROUP]
2024-12-19 11:55:22.445 [main] WARN  c.a.cloud.nacos.client.NacosPropertySourceBuilder - Ignore the empty nacos configuration and get it based on dataId[region-service.yaml] & group[DEFAULT_GROUP]
2024-12-19 11:55:22.445 [main] INFO  o.s.c.b.c.PropertySourceBootstrapConfiguration - Located property source: [BootstrapPropertySource {name='bootstrapProperties-region-service.yaml,DEFAULT_GROUP'}, BootstrapPropertySource {name='bootstrapProperties-region-service,DEFAULT_GROUP'}]
2024-12-19 11:55:22.451 [main] INFO  cn.edu.xmu.oomall.region.RegionApplication - No active profile set, falling back to 1 default profile: "default"
2024-12-19 11:55:23.131 [main] INFO  o.s.d.r.config.RepositoryConfigurationDelegate - Multiple Spring Data modules found, entering strict repository configuration mode
2024-12-19 11:55:23.132 [main] INFO  o.s.d.r.config.RepositoryConfigurationDelegate - Bootstrapping Spring Data JPA repositories in DEFAULT mode.
2024-12-19 11:55:23.271 [main] INFO  o.s.d.r.config.RepositoryConfigurationDelegate - Finished Spring Data repository scanning in 132 ms. Found 1 JPA repository interface.
2024-12-19 11:55:23.901 [main] WARN  org.mybatis.spring.mapper.ClassPathMapperScanner - No MyBatis mapper was found in '[cn.edu.xmu.javaee.core, cn.edu.xmu.oomall.region]' package. Please check your configuration.
2024-12-19 11:55:24.057 [main] INFO  o.springframework.cloud.context.scope.GenericScope - BeanFactory id=1b2d9e5e-b76e-3e83-ab03-b76abba5e379
2024-12-19 11:55:24.428 [main] WARN  o.s.c.s.PostProcessorRegistrationDelegate$BeanPostProcessorChecker - Bean 'org.apache.rocketmq.spring.autoconfigure.ListenerContainerConfiguration' of type [org.apache.rocketmq.spring.autoconfigure.ListenerContainerConfiguration$$SpringCGLIB$$0] is not eligible for getting processed by all BeanPostProcessors (for example: not eligible for auto-proxying). Is this bean getting eagerly injected/applied to a currently created BeanPostProcessor [org.apache.rocketmq.spring.annotation.RocketMQMessageListenerBeanPostProcessor]? Check the corresponding BeanPostProcessor declaration and its dependencies/advisors. If this bean does not have to be post-processed, declare it with ROLE_INFRASTRUCTURE.
2024-12-19 11:55:24.435 [main] WARN  o.s.c.s.PostProcessorRegistrationDelegate$BeanPostProcessorChecker - Bean 'org.apache.rocketmq.spring.autoconfigure.MessageConverterConfiguration' of type [org.apache.rocketmq.spring.autoconfigure.MessageConverterConfiguration$$SpringCGLIB$$0] is not eligible for getting processed by all BeanPostProcessors (for example: not eligible for auto-proxying). Is this bean getting eagerly injected/applied to a currently created BeanPostProcessor [org.apache.rocketmq.spring.annotation.RocketMQMessageListenerBeanPostProcessor]? Check the corresponding BeanPostProcessor declaration and its dependencies/advisors. If this bean does not have to be post-processed, declare it with ROLE_INFRASTRUCTURE.
2024-12-19 11:55:24.503 [main] WARN  o.s.c.s.PostProcessorRegistrationDelegate$BeanPostProcessorChecker - Bean 'createRocketMQMessageConverter' of type [org.apache.rocketmq.spring.support.RocketMQMessageConverter] is not eligible for getting processed by all BeanPostProcessors (for example: not eligible for auto-proxying). Is this bean getting eagerly injected/applied to a currently created BeanPostProcessor [org.apache.rocketmq.spring.annotation.RocketMQMessageListenerBeanPostProcessor]? Check the corresponding BeanPostProcessor declaration and its dependencies/advisors. If this bean does not have to be post-processed, declare it with ROLE_INFRASTRUCTURE.
2024-12-19 11:55:24.512 [main] WARN  o.s.c.s.PostProcessorRegistrationDelegate$BeanPostProcessorChecker - Bean 'org.springframework.cloud.commons.config.CommonsConfigAutoConfiguration' of type [org.springframework.cloud.commons.config.CommonsConfigAutoConfiguration] is not eligible for getting processed by all BeanPostProcessors (for example: not eligible for auto-proxying). Is this bean getting eagerly injected/applied to a currently created BeanPostProcessor [org.apache.rocketmq.spring.annotation.RocketMQMessageListenerBeanPostProcessor]? Check the corresponding BeanPostProcessor declaration and its dependencies/advisors. If this bean does not have to be post-processed, declare it with ROLE_INFRASTRUCTURE.
2024-12-19 11:55:24.516 [main] WARN  o.s.c.s.PostProcessorRegistrationDelegate$BeanPostProcessorChecker - Bean 'org.springframework.cloud.client.loadbalancer.LoadBalancerDefaultMappingsProviderAutoConfiguration' of type [org.springframework.cloud.client.loadbalancer.LoadBalancerDefaultMappingsProviderAutoConfiguration] is not eligible for getting processed by all BeanPostProcessors (for example: not eligible for auto-proxying). Is this bean getting eagerly injected/applied to a currently created BeanPostProcessor [org.apache.rocketmq.spring.annotation.RocketMQMessageListenerBeanPostProcessor]? Check the corresponding BeanPostProcessor declaration and its dependencies/advisors. If this bean does not have to be post-processed, declare it with ROLE_INFRASTRUCTURE.
2024-12-19 11:55:24.518 [main] WARN  o.s.c.s.PostProcessorRegistrationDelegate$BeanPostProcessorChecker - Bean 'loadBalancerClientsDefaultsMappingsProvider' of type [org.springframework.cloud.client.loadbalancer.LoadBalancerDefaultMappingsProviderAutoConfiguration$$Lambda$861/0x000001bb81756ba8] is not eligible for getting processed by all BeanPostProcessors (for example: not eligible for auto-proxying). Is this bean getting eagerly injected/applied to a currently created BeanPostProcessor [org.apache.rocketmq.spring.annotation.RocketMQMessageListenerBeanPostProcessor]? Check the corresponding BeanPostProcessor declaration and its dependencies/advisors. If this bean does not have to be post-processed, declare it with ROLE_INFRASTRUCTURE.
2024-12-19 11:55:24.523 [main] WARN  o.s.c.s.PostProcessorRegistrationDelegate$BeanPostProcessorChecker - Bean 'defaultsBindHandlerAdvisor' of type [org.springframework.cloud.commons.config.DefaultsBindHandlerAdvisor] is not eligible for getting processed by all BeanPostProcessors (for example: not eligible for auto-proxying). Is this bean getting eagerly injected/applied to a currently created BeanPostProcessor [org.apache.rocketmq.spring.annotation.RocketMQMessageListenerBeanPostProcessor]? Check the corresponding BeanPostProcessor declaration and its dependencies/advisors. If this bean does not have to be post-processed, declare it with ROLE_INFRASTRUCTURE.
2024-12-19 11:55:24.528 [main] WARN  o.s.c.s.PostProcessorRegistrationDelegate$BeanPostProcessorChecker - Bean 'rocketmq-org.apache.rocketmq.spring.autoconfigure.RocketMQProperties' of type [org.apache.rocketmq.spring.autoconfigure.RocketMQProperties] is not eligible for getting processed by all BeanPostProcessors (for example: not eligible for auto-proxying). Is this bean getting eagerly injected/applied to a currently created BeanPostProcessor [org.apache.rocketmq.spring.annotation.RocketMQMessageListenerBeanPostProcessor]? Check the corresponding BeanPostProcessor declaration and its dependencies/advisors. If this bean does not have to be post-processed, declare it with ROLE_INFRASTRUCTURE.
2024-12-19 11:55:24.532 [main] WARN  o.s.c.s.PostProcessorRegistrationDelegate$BeanPostProcessorChecker - Bean 'rocketMQMessageListenerContainerRegistrar' of type [org.apache.rocketmq.spring.support.RocketMQMessageListenerContainerRegistrar] is not eligible for getting processed by all BeanPostProcessors (for example: not eligible for auto-proxying). Is this bean getting eagerly injected/applied to a currently created BeanPostProcessor [org.apache.rocketmq.spring.annotation.RocketMQMessageListenerBeanPostProcessor]? Check the corresponding BeanPostProcessor declaration and its dependencies/advisors. If this bean does not have to be post-processed, declare it with ROLE_INFRASTRUCTURE.
2024-12-19 11:55:24.956 [main] INFO  o.s.boot.web.embedded.tomcat.TomcatWebServer - Tomcat initialized with port 8085 (http)
2024-12-19 11:55:24.961 [main] INFO  org.apache.catalina.core.AprLifecycleListener - Loaded Apache Tomcat Native library [2.0.8] using APR version [1.7.4].
2024-12-19 11:55:24.967 [main] INFO  org.apache.catalina.core.AprLifecycleListener - OpenSSL successfully initialized [OpenSSL 3.0.14 4 Jun 2024]
2024-12-19 11:55:24.988 [main] INFO  org.apache.coyote.http11.Http11NioProtocol - Initializing ProtocolHandler ["http-nio-8085"]
2024-12-19 11:55:24.990 [main] INFO  org.apache.catalina.core.StandardService - Starting service [Tomcat]
2024-12-19 11:55:24.991 [main] INFO  org.apache.catalina.core.StandardEngine - Starting Servlet engine: [Apache Tomcat/10.1.33]
2024-12-19 11:55:25.102 [main] INFO  o.a.c.core.ContainerBase.[Tomcat].[localhost].[/] - Initializing Spring embedded WebApplicationContext
2024-12-19 11:55:25.102 [main] INFO  o.s.b.w.s.c.ServletWebServerApplicationContext - Root WebApplicationContext: initialization completed in 2634 ms
2024-12-19 11:55:25.877 [main] INFO  com.alibaba.druid.pool.DruidDataSource - {dataSource-1} inited
2024-12-19 11:55:26.822 [main] INFO  org.hibernate.jpa.internal.util.LogHelper - HHH000204: Processing PersistenceUnitInfo [name: default]
2024-12-19 11:55:26.916 [main] INFO  org.hibernate.Version - HHH000412: Hibernate ORM core version 6.5.3.Final
2024-12-19 11:55:26.971 [main] INFO  o.hibernate.cache.internal.RegionFactoryInitiator - HHH000026: Second-level cache disabled
2024-12-19 11:55:27.368 [main] INFO  o.s.o.j.persistenceunit.SpringPersistenceUnitInfo - No LoadTimeWeaver setup: ignoring JPA class transformer
2024-12-19 11:55:29.276 [main] INFO  o.h.e.t.jta.platform.internal.JtaPlatformInitiator - HHH000489: No JTA platform available (set 'hibernate.transaction.jta.platform' to enable JTA platform integration)
2024-12-19 11:55:29.281 [main] INFO  o.s.orm.jpa.LocalContainerEntityManagerFactoryBean - Initialized JPA EntityManagerFactory for persistence unit 'default'
2024-12-19 11:55:30.623 [main] WARN  o.s.b.a.o.j.JpaBaseConfiguration$JpaWebConfiguration - spring.jpa.open-in-view is enabled by default. Therefore, database queries may be performed during view rendering. Explicitly configure spring.jpa.open-in-view to disable this warning
2024-12-19 11:55:31.967 [main] WARN  o.a.r.s.autoconfigure.RocketMQAutoConfiguration - The necessary spring property 'rocketmq.name-server' is not defined, all rockertmq beans creation are skipped!
2024-12-19 11:55:33.292 [main] WARN  o.s.c.l.c.LoadBalancerCacheAutoConfiguration$LoadBalancerCaffeineWarnLogger - Spring Cloud LoadBalancer is currently working with the default cache. While this cache implementation is useful for development and tests, it's recommended to use Caffeine cache in production.You can switch to using Caffeine cache, by adding it and org.springframework.cache.caffeine.CaffeineCacheManager to the classpath.
2024-12-19 11:55:33.350 [main] INFO  o.s.b.actuate.endpoint.web.EndpointLinksResolver - Exposing 19 endpoints beneath base path '/actuator'
2024-12-19 11:55:33.482 [main] INFO  org.apache.coyote.http11.Http11NioProtocol - Starting ProtocolHandler ["http-nio-8085"]
2024-12-19 11:55:33.505 [main] INFO  o.s.boot.web.embedded.tomcat.TomcatWebServer - Tomcat started on port 8085 (http) with context path '/'
2024-12-19 11:55:33.513 [main] INFO  com.alibaba.nacos.client.naming - initializer namespace from ans.namespace attribute : null
2024-12-19 11:55:33.514 [main] INFO  com.alibaba.nacos.client.naming - initializer namespace from ALIBABA_ALIWARE_NAMESPACE attribute :null
2024-12-19 11:55:33.514 [main] INFO  com.alibaba.nacos.client.naming - initializer namespace from namespace attribute :null
2024-12-19 11:55:33.520 [main] INFO  com.alibaba.nacos.client.naming - FailoverDataSource type is class com.alibaba.nacos.client.naming.backups.datasource.DiskFailoverDataSource
2024-12-19 11:55:33.526 [main] INFO  c.a.n.p.auth.spi.client.ClientAuthPluginManager - [ClientAuthPluginManager] Load ClientAuthService com.alibaba.nacos.client.auth.impl.NacosClientAuthServiceImpl success.
2024-12-19 11:55:33.526 [main] INFO  c.a.n.p.auth.spi.client.ClientAuthPluginManager - [ClientAuthPluginManager] Load ClientAuthService com.alibaba.nacos.client.auth.ram.RamClientAuthServiceImpl success.
2024-12-19 11:55:33.531 [main] INFO  com.alibaba.nacos.common.remote.client - [RpcClientFactory] create a new rpc client of 01827da6-802a-4aaa-9e6a-43c21268a127
2024-12-19 11:55:33.535 [main] INFO  com.alibaba.nacos.client.naming - Create naming rpc client for uuid->01827da6-802a-4aaa-9e6a-43c21268a127
2024-12-19 11:55:33.536 [main] INFO  com.alibaba.nacos.common.remote.client - [01827da6-802a-4aaa-9e6a-43c21268a127] RpcClient init, ServerListFactory = com.alibaba.nacos.client.naming.core.ServerListManager
2024-12-19 11:55:33.536 [main] INFO  com.alibaba.nacos.common.remote.client - [01827da6-802a-4aaa-9e6a-43c21268a127] Registry connection listener to current client:com.alibaba.nacos.client.naming.remote.gprc.redo.NamingGrpcRedoService
2024-12-19 11:55:33.536 [main] INFO  com.alibaba.nacos.common.remote.client - [01827da6-802a-4aaa-9e6a-43c21268a127] Register server push request handler:com.alibaba.nacos.client.naming.remote.gprc.NamingPushRequestHandler
2024-12-19 11:55:33.536 [main] INFO  com.alibaba.nacos.common.remote.client - [01827da6-802a-4aaa-9e6a-43c21268a127] Try to connect to server on start up, server: {serverIp = 'nacos', server main port = 8848}
2024-12-19 11:55:33.537 [main] INFO  c.a.nacos.common.remote.client.grpc.GrpcClient - grpc client connection server:nacos ip,serverPort:9848,grpcTslConfig:{"sslProvider":"","enableTls":false,"mutualAuthEnable":false,"trustAll":false}
2024-12-19 11:55:33.740 [main] INFO  com.alibaba.nacos.common.remote.client - [01827da6-802a-4aaa-9e6a-43c21268a127] Success to connect to server [nacos:8848] on start up, connectionId = 1734580533191_10.0.0.4_62576
2024-12-19 11:55:33.741 [main] INFO  com.alibaba.nacos.common.remote.client - [01827da6-802a-4aaa-9e6a-43c21268a127] Register server push request handler:com.alibaba.nacos.common.remote.client.RpcClient$ConnectResetRequestHandler
2024-12-19 11:55:33.741 [com.alibaba.nacos.client.remote.worker.0] INFO  com.alibaba.nacos.common.remote.client - [01827da6-802a-4aaa-9e6a-43c21268a127] Notify connected event to listeners.
2024-12-19 11:55:33.741 [main] INFO  com.alibaba.nacos.common.remote.client - [01827da6-802a-4aaa-9e6a-43c21268a127] Register server push request handler:com.alibaba.nacos.common.remote.client.RpcClient$$Lambda$655/0x000001bb815028b0
2024-12-19 11:55:33.741 [com.alibaba.nacos.client.remote.worker.0] INFO  com.alibaba.nacos.client.naming - Grpc connection connect
2024-12-19 11:55:33.743 [main] INFO  com.alibaba.nacos.client.naming - [REGISTER-SERVICE] public registering service region-service with instance Instance{instanceId='null', ip='10.30.53.224', port=8085, weight=1.0, healthy=true, enabled=true, ephemeral=true, clusterName='', serviceName='null', metadata={IPv6=null, preserved.register.source=SPRING_CLOUD}}
2024-12-19 11:55:33.804 [main] INFO  c.a.cloud.nacos.registry.NacosServiceRegistry - nacos registry, DEFAULT_GROUP region-service 10.30.53.224:8085 register finished
2024-12-19 11:55:34.123 [main] INFO  cn.edu.xmu.oomall.region.RegionApplication - Started RegionApplication in 15.733 seconds (process running for 17.002)
2024-12-19 11:55:34.136 [main] INFO  com.alibaba.nacos.client.config.impl.CacheData - config listener notify warn timeout millis use default 60000 millis 
2024-12-19 11:55:34.137 [main] INFO  com.alibaba.nacos.client.config.impl.CacheData - nacos.cache.data.init.snapshot = true 
2024-12-19 11:55:34.137 [main] INFO  com.alibaba.nacos.client.config.impl.ClientWorker - [fixed-nacos_8848] [subscribe] region-service+DEFAULT_GROUP
2024-12-19 11:55:34.155 [main] INFO  com.alibaba.nacos.client.config.impl.CacheData - [fixed-nacos_8848] [add-listener] ok, tenant=, dataId=region-service, group=DEFAULT_GROUP, cnt=1
2024-12-19 11:55:34.155 [main] INFO  c.a.cloud.nacos.refresh.NacosContextRefresher - [Nacos Config] Listening config: dataId=region-service, group=DEFAULT_GROUP
2024-12-19 11:55:34.156 [main] INFO  com.alibaba.nacos.client.config.impl.ClientWorker - [fixed-nacos_8848] [subscribe] region-service.yaml+DEFAULT_GROUP
2024-12-19 11:55:34.156 [main] INFO  com.alibaba.nacos.client.config.impl.CacheData - [fixed-nacos_8848] [add-listener] ok, tenant=, dataId=region-service.yaml, group=DEFAULT_GROUP, cnt=1
2024-12-19 11:55:34.156 [main] INFO  c.a.cloud.nacos.refresh.NacosContextRefresher - [Nacos Config] Listening config: dataId=region-service.yaml, group=DEFAULT_GROUP
2024-12-19 11:55:34.324 [RMI TCP Connection(3)-10.30.53.224] INFO  o.a.c.core.ContainerBase.[Tomcat].[localhost].[/] - Initializing Spring DispatcherServlet 'dispatcherServlet'
2024-12-19 11:55:34.325 [RMI TCP Connection(3)-10.30.53.224] INFO  org.springframework.web.servlet.DispatcherServlet - Initializing Servlet 'dispatcherServlet'
2024-12-19 11:55:34.329 [RMI TCP Connection(3)-10.30.53.224] INFO  org.springframework.web.servlet.DispatcherServlet - Completed initialization in 4 ms
2024-12-19 12:28:12.330 [Thread-5] WARN  com.alibaba.nacos.common.notify.NotifyCenter - [NotifyCenter] Start destroying Publisher
2024-12-19 12:28:12.335 [Thread-3] WARN  c.alibaba.nacos.common.http.HttpClientBeanHolder - [HttpClientBeanHolder] Start destroying common HttpClient
2024-12-19 12:28:12.338 [Thread-5] WARN  com.alibaba.nacos.common.notify.NotifyCenter - [NotifyCenter] Destruction of the end
2024-12-19 12:28:12.342 [Thread-3] WARN  c.alibaba.nacos.common.http.HttpClientBeanHolder - [HttpClientBeanHolder] Destruction of the end
2024-12-19 12:28:12.825 [SpringApplicationShutdownHook] INFO  c.a.cloud.nacos.registry.NacosServiceRegistry - De-registering from Nacos Server now...
2024-12-19 12:28:12.826 [SpringApplicationShutdownHook] INFO  com.alibaba.nacos.client.naming - [DEREGISTER-SERVICE] public deregistering service region-service with instance: Instance{instanceId='null', ip='10.30.53.224', port=8085, weight=1.0, healthy=true, enabled=true, ephemeral=true, clusterName='', serviceName='null', metadata={}}
2024-12-19 12:28:12.893 [SpringApplicationShutdownHook] INFO  c.a.cloud.nacos.registry.NacosServiceRegistry - De-registration finished.
2024-12-19 12:28:12.895 [SpringApplicationShutdownHook] INFO  com.alibaba.nacos.client.naming - com.alibaba.nacos.client.naming.cache.ServiceInfoHolder do shutdown begin
2024-12-19 12:28:12.896 [SpringApplicationShutdownHook] INFO  com.alibaba.nacos.client.naming - com.alibaba.nacos.client.naming.backups.FailoverReactor do shutdown begin
2024-12-19 12:28:12.896 [SpringApplicationShutdownHook] INFO  com.alibaba.nacos.client.naming - com.alibaba.nacos.client.naming.backups.FailoverReactor do shutdown stop
2024-12-19 12:28:12.896 [SpringApplicationShutdownHook] INFO  com.alibaba.nacos.client.naming - com.alibaba.nacos.client.naming.cache.ServiceInfoHolder do shutdown stop
2024-12-19 12:28:12.896 [SpringApplicationShutdownHook] INFO  com.alibaba.nacos.client.naming - com.alibaba.nacos.client.naming.remote.NamingClientProxyDelegate do shutdown begin
2024-12-19 12:28:12.896 [SpringApplicationShutdownHook] INFO  com.alibaba.nacos.client.naming - com.alibaba.nacos.client.naming.core.ServiceInfoUpdateService do shutdown begin
2024-12-19 12:28:12.896 [SpringApplicationShutdownHook] INFO  com.alibaba.nacos.client.naming - com.alibaba.nacos.client.naming.core.ServiceInfoUpdateService do shutdown stop
2024-12-19 12:28:12.896 [SpringApplicationShutdownHook] INFO  com.alibaba.nacos.client.naming - com.alibaba.nacos.client.naming.core.ServerListManager do shutdown begin
2024-12-19 12:28:12.896 [SpringApplicationShutdownHook] WARN  com.alibaba.nacos.client.naming - [NamingHttpClientManager] Start destroying NacosRestTemplate
2024-12-19 12:28:12.896 [SpringApplicationShutdownHook] WARN  com.alibaba.nacos.client.naming - [NamingHttpClientManager] Destruction of the end
2024-12-19 12:28:12.896 [SpringApplicationShutdownHook] INFO  com.alibaba.nacos.client.naming - com.alibaba.nacos.client.naming.core.ServerListManager do shutdown stop
2024-12-19 12:28:12.896 [SpringApplicationShutdownHook] INFO  com.alibaba.nacos.client.naming - com.alibaba.nacos.client.naming.remote.http.NamingHttpClientProxy do shutdown begin
2024-12-19 12:28:12.896 [SpringApplicationShutdownHook] WARN  com.alibaba.nacos.client.naming - [NamingHttpClientManager] Start destroying NacosRestTemplate
2024-12-19 12:28:12.897 [SpringApplicationShutdownHook] WARN  com.alibaba.nacos.client.naming - [NamingHttpClientManager] Destruction of the end
2024-12-19 12:28:12.897 [SpringApplicationShutdownHook] INFO  com.alibaba.nacos.client.naming - com.alibaba.nacos.client.naming.remote.http.NamingHttpClientProxy do shutdown stop
2024-12-19 12:28:12.897 [SpringApplicationShutdownHook] INFO  com.alibaba.nacos.client.naming - Shutdown naming grpc client proxy for  uuid->01827da6-802a-4aaa-9e6a-43c21268a127
2024-12-19 12:28:12.897 [SpringApplicationShutdownHook] INFO  com.alibaba.nacos.client.naming - Shutdown grpc redo service executor java.util.concurrent.ScheduledThreadPoolExecutor@479fa567[Running, pool size = 1, active threads = 0, queued tasks = 1, completed tasks = 651]
2024-12-19 12:28:12.897 [SpringApplicationShutdownHook] INFO  com.alibaba.nacos.common.remote.client - Shutdown rpc client, set status to shutdown
2024-12-19 12:28:12.897 [SpringApplicationShutdownHook] INFO  com.alibaba.nacos.common.remote.client - Shutdown client event executor java.util.concurrent.ScheduledThreadPoolExecutor@6e3ef034[Running, pool size = 2, active threads = 2, queued tasks = 0, completed tasks = 0]
2024-12-19 12:28:12.898 [SpringApplicationShutdownHook] INFO  com.alibaba.nacos.common.remote.client - Close current connection 1734580533191_10.0.0.4_62576
2024-12-19 12:28:12.904 [SpringApplicationShutdownHook] INFO  c.a.nacos.common.remote.client.grpc.GrpcClient - Shutdown grpc executor java.util.concurrent.ThreadPoolExecutor@2bae8145[Running, pool size = 4, active threads = 0, queued tasks = 0, completed tasks = 383]
2024-12-19 12:28:12.904 [SpringApplicationShutdownHook] INFO  com.alibaba.nacos.client.naming - shutdown and remove naming rpc client  for uuid ->01827da6-802a-4aaa-9e6a-43c21268a127
2024-12-19 12:28:12.904 [SpringApplicationShutdownHook] INFO  c.a.n.client.auth.ram.identify.CredentialWatcher - [null] CredentialWatcher is stopped
2024-12-19 12:28:12.904 [SpringApplicationShutdownHook] INFO  c.a.n.client.auth.ram.identify.CredentialService - [null] CredentialService is freed
2024-12-19 12:28:12.905 [SpringApplicationShutdownHook] INFO  com.alibaba.nacos.client.naming - com.alibaba.nacos.client.naming.remote.NamingClientProxyDelegate do shutdown stop
2024-12-19 12:28:12.917 [SpringApplicationShutdownHook] INFO  o.s.orm.jpa.LocalContainerEntityManagerFactoryBean - Closing JPA EntityManagerFactory for persistence unit 'default'
2024-12-19 12:28:12.936 [SpringApplicationShutdownHook] INFO  com.alibaba.druid.pool.DruidDataSource - {dataSource-1} closing ...
2024-12-19 12:28:12.939 [SpringApplicationShutdownHook] INFO  com.alibaba.druid.pool.DruidDataSource - {dataSource-1} closed
